
Dataset information for: data/MICCAI_BraTS2020_TrainingData
Total .nii files found: 1845
Sample filenames:
  - BraTS20_Training_261_t2.nii
  - BraTS20_Training_261_seg.nii
  - BraTS20_Training_261_flair.nii
Subdirectories: 369 folders
Sample subdir 'BraTS20_Training_261' contents: 5 files
Starting preprocessing of BraTS2020 dataset...
Scanning for input files...
Found files: T2=369, T1CE=369, FLAIR=369, MASK=368
Skipping known problematic case: BraTS20_Training_355
Complete cases: 368
Processing 368 cases...
Using parallel processing with 4 workers...
Processing first case to check for issues...
Starting to process BraTS20_Training_001...
Case BraTS20_Training_001 processed successfully
Processing remaining 367 cases in parallel...
Starting to process BraTS20_Training_002...
Starting to process BraTS20_Training_004...
Starting to process BraTS20_Training_006...
Starting to process BraTS20_Training_008...
Case BraTS20_Training_006 processed successfully
Case BraTS20_Training_002 processed successfully
Case BraTS20_Training_004 processed successfully
Starting to process BraTS20_Training_007...
Starting to process BraTS20_Training_003...
Starting to process BraTS20_Training_005...
Case BraTS20_Training_008 processed successfully
Starting to process BraTS20_Training_009...
Case BraTS20_Training_005 skipped: insufficient non-zero labels
Starting to process BraTS20_Training_010...
Case BraTS20_Training_003 processed successfully
Starting to process BraTS20_Training_012...
Case BraTS20_Training_009 processed successfully
Case BraTS20_Training_007 processed successfully
Starting to process BraTS20_Training_014...
Starting to process BraTS20_Training_016...
Case BraTS20_Training_010 processed successfully
Starting to process BraTS20_Training_011...
Case BraTS20_Training_012 processed successfully
Starting to process BraTS20_Training_013...
Case BraTS20_Training_016 processed successfully
Starting to process BraTS20_Training_017...
Case BraTS20_Training_014 processed successfully
Starting to process BraTS20_Training_015...
Case BraTS20_Training_011 processed successfully
Starting to process BraTS20_Training_018...
Case BraTS20_Training_013 processed successfully
Starting to process BraTS20_Training_020...
Case BraTS20_Training_017 processed successfully
Case BraTS20_Training_015 processed successfully
Starting to process BraTS20_Training_022...
Starting to process BraTS20_Training_024...
Case BraTS20_Training_018 processed successfully
Starting to process BraTS20_Training_019...
Case BraTS20_Training_020 processed successfully
Starting to process BraTS20_Training_021...
Case BraTS20_Training_024 processed successfully
Starting to process BraTS20_Training_025...
Case BraTS20_Training_022 processed successfully
Starting to process BraTS20_Training_023...
Case BraTS20_Training_019 processed successfully
Starting to process BraTS20_Training_026...
Case BraTS20_Training_021 processed successfully
Starting to process BraTS20_Training_028...
Case BraTS20_Training_025 processed successfully
Starting to process BraTS20_Training_030...
Case BraTS20_Training_023 processed successfully
Starting to process BraTS20_Training_032...
Case BraTS20_Training_026 processed successfully
Starting to process BraTS20_Training_027...
Case BraTS20_Training_028 skipped: insufficient non-zero labels
Starting to process BraTS20_Training_029...
Case BraTS20_Training_032 processed successfully
Starting to process BraTS20_Training_033...
Case BraTS20_Training_030 processed successfully
Starting to process BraTS20_Training_031...
Case BraTS20_Training_027 processed successfully
Case BraTS20_Training_029 processed successfully
Case BraTS20_Training_031 processed successfully
Case BraTS20_Training_033 processed successfully
Batch 1/12 (30/32 valid cases) - Overall: 33/368 (9.0%) processed
Starting to process BraTS20_Training_034...
Starting to process BraTS20_Training_036...
Starting to process BraTS20_Training_038...
Starting to process BraTS20_Training_040...
Case BraTS20_Training_036 skipped: insufficient non-zero labels
Starting to process BraTS20_Training_037...
Case BraTS20_Training_038 processed successfully
Starting to process BraTS20_Training_039...
Case BraTS20_Training_034 processed successfully
Starting to process BraTS20_Training_035...
Case BraTS20_Training_040 processed successfully
Starting to process BraTS20_Training_041...
Case BraTS20_Training_037 processed successfully
Starting to process BraTS20_Training_042...
Case BraTS20_Training_035 processed successfully
Starting to process BraTS20_Training_044...
Case BraTS20_Training_039 processed successfully
Starting to process BraTS20_Training_046...
Case BraTS20_Training_041 processed successfully
Starting to process BraTS20_Training_048...
Case BraTS20_Training_042 processed successfully
Starting to process BraTS20_Training_043...
Case BraTS20_Training_044 skipped: insufficient non-zero labels
Starting to process BraTS20_Training_045...
Case BraTS20_Training_046 processed successfully
Starting to process BraTS20_Training_047...
Case BraTS20_Training_048 processed successfully
Starting to process BraTS20_Training_049...
Case BraTS20_Training_043 processed successfully
Starting to process BraTS20_Training_050...
Case BraTS20_Training_045 processed successfully
Starting to process BraTS20_Training_052...
Case BraTS20_Training_047 processed successfully
Starting to process BraTS20_Training_054...
Case BraTS20_Training_049 processed successfully
Starting to process BraTS20_Training_056...
Case BraTS20_Training_050 processed successfully
Starting to process BraTS20_Training_051...
Case BraTS20_Training_052 processed successfully
Starting to process BraTS20_Training_053...
Case BraTS20_Training_054 processed successfully
Starting to process BraTS20_Training_055...
Case BraTS20_Training_056 processed successfully
Starting to process BraTS20_Training_057...
Case BraTS20_Training_051 processed successfully
Starting to process BraTS20_Training_058...
Case BraTS20_Training_053 processed successfully
Starting to process BraTS20_Training_060...
Case BraTS20_Training_057 processed successfully
Starting to process BraTS20_Training_062...
Case BraTS20_Training_055 processed successfully
Starting to process BraTS20_Training_064...
Case BraTS20_Training_058 processed successfully
Starting to process BraTS20_Training_059...
Case BraTS20_Training_060 processed successfully
Starting to process BraTS20_Training_061...
Case BraTS20_Training_061 skipped: insufficient non-zero labels
Case BraTS20_Training_062 processed successfully
Starting to process BraTS20_Training_063...
Case BraTS20_Training_064 processed successfully
Starting to process BraTS20_Training_065...
Case BraTS20_Training_059 processed successfully
Case BraTS20_Training_063 skipped: insufficient non-zero labels
Case BraTS20_Training_065 processed successfully
Batch 2/12 (28/32 valid cases) - Overall: 65/368 (17.7%) processed
Starting to process BraTS20_Training_066...
Starting to process BraTS20_Training_068...
Starting to process BraTS20_Training_070...
Starting to process BraTS20_Training_072...
Case BraTS20_Training_072 processed successfully
Starting to process BraTS20_Training_073...
Case BraTS20_Training_068 processed successfully
Case BraTS20_Training_066 processed successfully
Case BraTS20_Training_070 processed successfully
Starting to process BraTS20_Training_069...
Starting to process BraTS20_Training_067...
Starting to process BraTS20_Training_071...
Case BraTS20_Training_069 processed successfully
Case BraTS20_Training_073 processed successfully
Case BraTS20_Training_067 processed successfully
Starting to process BraTS20_Training_074...
Starting to process BraTS20_Training_076...
Starting to process BraTS20_Training_078...
Case BraTS20_Training_071 processed successfully
Starting to process BraTS20_Training_080...
Case BraTS20_Training_076 processed successfully
Starting to process BraTS20_Training_077...
Case BraTS20_Training_078 processed successfully
Case BraTS20_Training_074 processed successfully
Starting to process BraTS20_Training_079...
Starting to process BraTS20_Training_075...
Case BraTS20_Training_080 processed successfully
Starting to process BraTS20_Training_081...
Case BraTS20_Training_079 skipped: insufficient non-zero labels
Starting to process BraTS20_Training_082...
Case BraTS20_Training_082 skipped: insufficient non-zero labels
Starting to process BraTS20_Training_083...
Case BraTS20_Training_077 processed successfully
Starting to process BraTS20_Training_084...
Case BraTS20_Training_075 processed successfully
Starting to process BraTS20_Training_086...
Case BraTS20_Training_081 processed successfully
Starting to process BraTS20_Training_088...
Case BraTS20_Training_086 skipped: insufficient non-zero labels
Starting to process BraTS20_Training_087...
Case BraTS20_Training_083 processed successfully
Starting to process BraTS20_Training_090...
Case BraTS20_Training_084 processed successfully
Starting to process BraTS20_Training_085...
Case BraTS20_Training_088 processed successfully
Starting to process BraTS20_Training_089...
Case BraTS20_Training_087 processed successfully
Starting to process BraTS20_Training_092...
Case BraTS20_Training_090 processed successfully
Starting to process BraTS20_Training_091...
Case BraTS20_Training_085 processed successfully
Starting to process BraTS20_Training_094...
Case BraTS20_Training_089 processed successfully
Starting to process BraTS20_Training_096...
Case BraTS20_Training_092 processed successfully
Starting to process BraTS20_Training_093...
Case BraTS20_Training_091 processed successfully
Case BraTS20_Training_094 processed successfully
Starting to process BraTS20_Training_095...
Case BraTS20_Training_096 processed successfully
Starting to process BraTS20_Training_097...
Case BraTS20_Training_093 processed successfully
Case BraTS20_Training_097 processed successfully
Case BraTS20_Training_095 processed successfully
Batch 3/12 (29/32 valid cases) - Overall: 97/368 (26.4%) processed
Starting to process BraTS20_Training_098...
Starting to process BraTS20_Training_100...
Starting to process BraTS20_Training_102...
Starting to process BraTS20_Training_104...
Case BraTS20_Training_098 processed successfully
Starting to process BraTS20_Training_099...
Case BraTS20_Training_102 processed successfully
Case BraTS20_Training_104 processed successfully
Starting to process BraTS20_Training_103...
Starting to process BraTS20_Training_105...
Case BraTS20_Training_100 processed successfully
Starting to process BraTS20_Training_101...
Case BraTS20_Training_099 skipped: insufficient non-zero labels
Starting to process BraTS20_Training_106...
Case BraTS20_Training_105 processed successfully
Starting to process BraTS20_Training_108...
Case BraTS20_Training_103 processed successfully
Starting to process BraTS20_Training_110...
Case BraTS20_Training_101 processed successfully
Starting to process BraTS20_Training_112...
Case BraTS20_Training_106 processed successfully
Starting to process BraTS20_Training_107...
Case BraTS20_Training_108 skipped: insufficient non-zero labels
Starting to process BraTS20_Training_109...
Case BraTS20_Training_110 skipped: insufficient non-zero labels
Starting to process BraTS20_Training_111...
Case BraTS20_Training_112 processed successfully
Starting to process BraTS20_Training_113...
Case BraTS20_Training_107 processed successfully
Starting to process BraTS20_Training_114...
Case BraTS20_Training_109 processed successfully
Starting to process BraTS20_Training_116...
Case BraTS20_Training_111 processed successfully
Starting to process BraTS20_Training_118...
Case BraTS20_Training_113 processed successfully
Starting to process BraTS20_Training_120...
Case BraTS20_Training_114 processed successfully
Starting to process BraTS20_Training_115...
Case BraTS20_Training_116 processed successfully
Starting to process BraTS20_Training_117...
Case BraTS20_Training_118 processed successfully
Starting to process BraTS20_Training_119...
Case BraTS20_Training_120 processed successfully
Starting to process BraTS20_Training_121...
Case BraTS20_Training_115 processed successfully
Starting to process BraTS20_Training_122...
Case BraTS20_Training_117 processed successfully
Starting to process BraTS20_Training_124...
Case BraTS20_Training_119 processed successfully
Starting to process BraTS20_Training_126...
Case BraTS20_Training_121 processed successfully
Starting to process BraTS20_Training_128...
Case BraTS20_Training_122 skipped: insufficient non-zero labels
Starting to process BraTS20_Training_123...
Case BraTS20_Training_124 processed successfully
Starting to process BraTS20_Training_125...
Case BraTS20_Training_126 processed successfully
Starting to process BraTS20_Training_127...
Case BraTS20_Training_128 processed successfully
Starting to process BraTS20_Training_129...
Case BraTS20_Training_123 processed successfully
Case BraTS20_Training_127 processed successfully
Case BraTS20_Training_125 processed successfully
Case BraTS20_Training_129 processed successfully
Batch 4/12 (28/32 valid cases) - Overall: 129/368 (35.1%) processed
Starting to process BraTS20_Training_130...
Starting to process BraTS20_Training_132...
Starting to process BraTS20_Training_134...
Starting to process BraTS20_Training_136...
Case BraTS20_Training_132 processed successfully
Case BraTS20_Training_134 processed successfully
Starting to process BraTS20_Training_133...
Starting to process BraTS20_Training_135...
Case BraTS20_Training_136 processed successfully
Starting to process BraTS20_Training_137...
Case BraTS20_Training_130 processed successfully
Starting to process BraTS20_Training_131...
Case BraTS20_Training_135 processed successfully
Starting to process BraTS20_Training_138...
Case BraTS20_Training_137 processed successfully
Starting to process BraTS20_Training_140...
Case BraTS20_Training_133 processed successfully
Starting to process BraTS20_Training_142...
Case BraTS20_Training_131 processed successfully
Starting to process BraTS20_Training_144...
Case BraTS20_Training_142 skipped: insufficient non-zero labels
Starting to process BraTS20_Training_143...
Case BraTS20_Training_138 processed successfully
Starting to process BraTS20_Training_139...
Case BraTS20_Training_140 processed successfully
Starting to process BraTS20_Training_141...
Case BraTS20_Training_144 processed successfully
Starting to process BraTS20_Training_145...
Case BraTS20_Training_143 processed successfully
Starting to process BraTS20_Training_146...
Case BraTS20_Training_139 skipped: insufficient non-zero labels
Starting to process BraTS20_Training_148...
Case BraTS20_Training_141 processed successfully
Starting to process BraTS20_Training_150...
Case BraTS20_Training_145 processed successfully
Starting to process BraTS20_Training_152...
Case BraTS20_Training_146 processed successfully
Starting to process BraTS20_Training_147...
Case BraTS20_Training_148 processed successfully
Starting to process BraTS20_Training_149...
Case BraTS20_Training_150 processed successfully
Starting to process BraTS20_Training_151...
Case BraTS20_Training_152 processed successfully
Starting to process BraTS20_Training_153...
Case BraTS20_Training_147 processed successfully
Starting to process BraTS20_Training_154...
Case BraTS20_Training_149 processed successfully
Starting to process BraTS20_Training_156...
Case BraTS20_Training_151 processed successfully
Starting to process BraTS20_Training_158...
Case BraTS20_Training_153 processed successfully
Starting to process BraTS20_Training_160...
Case BraTS20_Training_154 processed successfully
Starting to process BraTS20_Training_155...
Case BraTS20_Training_156 processed successfully
Starting to process BraTS20_Training_157...
Case BraTS20_Training_160 processed successfully
Starting to process BraTS20_Training_161...
Case BraTS20_Training_158 processed successfully
Starting to process BraTS20_Training_159...
Case BraTS20_Training_155 processed successfully
Case BraTS20_Training_157 processed successfully
Case BraTS20_Training_161 processed successfully
Case BraTS20_Training_159 processed successfully
Batch 5/12 (30/32 valid cases) - Overall: 161/368 (43.8%) processed
Starting to process BraTS20_Training_162...
Starting to process BraTS20_Training_164...
Starting to process BraTS20_Training_166...
Starting to process BraTS20_Training_168...
Case BraTS20_Training_162 processed successfully
Case BraTS20_Training_166 processed successfully
Starting to process BraTS20_Training_163...
Case BraTS20_Training_168 processed successfully
Starting to process BraTS20_Training_167...
Starting to process BraTS20_Training_169...
Case BraTS20_Training_164 processed successfully
Starting to process BraTS20_Training_165...
Case BraTS20_Training_163 processed successfully
Starting to process BraTS20_Training_170...
Case BraTS20_Training_169 processed successfully
Starting to process BraTS20_Training_172...
Case BraTS20_Training_165 processed successfully
Starting to process BraTS20_Training_174...
Case BraTS20_Training_167 processed successfully
Starting to process BraTS20_Training_176...
Case BraTS20_Training_170 processed successfully
Starting to process BraTS20_Training_171...
Case BraTS20_Training_176 processed successfully
Starting to process BraTS20_Training_177...
Case BraTS20_Training_172 processed successfully
Starting to process BraTS20_Training_173...
Case BraTS20_Training_174 processed successfully
Starting to process BraTS20_Training_175...
Case BraTS20_Training_177 skipped: insufficient non-zero labels
Starting to process BraTS20_Training_178...
Case BraTS20_Training_171 processed successfully
Starting to process BraTS20_Training_180...
Case BraTS20_Training_173 processed successfully
Starting to process BraTS20_Training_182...
Case BraTS20_Training_175 processed successfully
Starting to process BraTS20_Training_184...
Case BraTS20_Training_178 processed successfully
Starting to process BraTS20_Training_179...
Case BraTS20_Training_180 processed successfully
Starting to process BraTS20_Training_181...
Case BraTS20_Training_184 processed successfully
Starting to process BraTS20_Training_185...
Case BraTS20_Training_182 processed successfully
Starting to process BraTS20_Training_183...
Case BraTS20_Training_179 processed successfully
Starting to process BraTS20_Training_186...
Case BraTS20_Training_181 processed successfully
Starting to process BraTS20_Training_188...
Case BraTS20_Training_183 processed successfully
Case BraTS20_Training_185 processed successfully
Starting to process BraTS20_Training_190...
Starting to process BraTS20_Training_192...
Case BraTS20_Training_186 processed successfully
Starting to process BraTS20_Training_187...
Case BraTS20_Training_188 processed successfully
Starting to process BraTS20_Training_189...
Case BraTS20_Training_192 processed successfully
Case BraTS20_Training_190 processed successfully
Starting to process BraTS20_Training_193...
Starting to process BraTS20_Training_191...
Case BraTS20_Training_187 processed successfully
Case BraTS20_Training_189 processed successfully
Case BraTS20_Training_191 processed successfully
Case BraTS20_Training_193 processed successfully
Batch 6/12 (31/32 valid cases) - Overall: 193/368 (52.4%) processed
Starting to process BraTS20_Training_194...
Starting to process BraTS20_Training_196...
Starting to process BraTS20_Training_198...
Starting to process BraTS20_Training_200...
Case BraTS20_Training_198 processed successfully
Starting to process BraTS20_Training_199...
Case BraTS20_Training_196 processed successfully
Starting to process BraTS20_Training_197...
Case BraTS20_Training_194 processed successfully
Starting to process BraTS20_Training_195...
Case BraTS20_Training_200 processed successfully
Starting to process BraTS20_Training_201...
Case BraTS20_Training_199 processed successfully
Starting to process BraTS20_Training_202...
Case BraTS20_Training_195 processed successfully
Starting to process BraTS20_Training_204...
Case BraTS20_Training_197 processed successfully
Starting to process BraTS20_Training_206...
Case BraTS20_Training_201 processed successfully
Starting to process BraTS20_Training_208...
Case BraTS20_Training_204 skipped: insufficient non-zero labels
Starting to process BraTS20_Training_205...
Case BraTS20_Training_202 processed successfully
Starting to process BraTS20_Training_203...
Case BraTS20_Training_208 processed successfully
Starting to process BraTS20_Training_209...
Case BraTS20_Training_206 processed successfully
Starting to process BraTS20_Training_207...
Case BraTS20_Training_205 processed successfully
Starting to process BraTS20_Training_210...
Case BraTS20_Training_203 processed successfully
Starting to process BraTS20_Training_212...
Case BraTS20_Training_209 processed successfully
Starting to process BraTS20_Training_214...
Case BraTS20_Training_207 processed successfully
Starting to process BraTS20_Training_216...
Case BraTS20_Training_210 processed successfully
Starting to process BraTS20_Training_211...
Case BraTS20_Training_212 processed successfully
Starting to process BraTS20_Training_213...
Case BraTS20_Training_214 processed successfully
Starting to process BraTS20_Training_215...
Case BraTS20_Training_216 processed successfully
Case BraTS20_Training_211 processed successfully
Starting to process BraTS20_Training_217...
Starting to process BraTS20_Training_218...
Case BraTS20_Training_217 skipped: insufficient non-zero labels
Starting to process BraTS20_Training_220...
Case BraTS20_Training_213 processed successfully
Starting to process BraTS20_Training_222...
Case BraTS20_Training_215 processed successfully
Starting to process BraTS20_Training_224...
Case BraTS20_Training_218 processed successfully
Starting to process BraTS20_Training_219...
Case BraTS20_Training_220 processed successfully
Starting to process BraTS20_Training_221...
Case BraTS20_Training_222 processed successfully
Starting to process BraTS20_Training_223...
Case BraTS20_Training_224 processed successfully
Starting to process BraTS20_Training_225...
Case BraTS20_Training_219 processed successfully
Case BraTS20_Training_221 processed successfully
Case BraTS20_Training_223 processed successfully
Case BraTS20_Training_225 processed successfully
Batch 7/12 (30/32 valid cases) - Overall: 225/368 (61.1%) processed
Starting to process BraTS20_Training_226...
Starting to process BraTS20_Training_228...
Starting to process BraTS20_Training_230...
Starting to process BraTS20_Training_232...
Case BraTS20_Training_228 processed successfully
Starting to process BraTS20_Training_229...
Case BraTS20_Training_232 processed successfully
Starting to process BraTS20_Training_233...
Case BraTS20_Training_230 processed successfully
Starting to process BraTS20_Training_231...
Case BraTS20_Training_226 processed successfully
Starting to process BraTS20_Training_227...
Case BraTS20_Training_233 skipped: insufficient non-zero labels
Starting to process BraTS20_Training_234...
Case BraTS20_Training_229 processed successfully
Starting to process BraTS20_Training_236...
Case BraTS20_Training_231 processed successfully
Case BraTS20_Training_227 processed successfully
Starting to process BraTS20_Training_238...
Starting to process BraTS20_Training_240...
Case BraTS20_Training_234 processed successfully
Starting to process BraTS20_Training_235...
Case BraTS20_Training_236 processed successfully
Starting to process BraTS20_Training_237...
Case BraTS20_Training_240 processed successfully
Starting to process BraTS20_Training_241...
Case BraTS20_Training_238 processed successfully
Starting to process BraTS20_Training_239...
Case BraTS20_Training_235 processed successfully
Starting to process BraTS20_Training_242...
Case BraTS20_Training_239 processed successfully
Starting to process BraTS20_Training_244...
Case BraTS20_Training_237 processed successfully
Case BraTS20_Training_241 processed successfully
Case BraTS20_Training_242 processed successfully
Starting to process BraTS20_Training_246...
Starting to process BraTS20_Training_243...
Starting to process BraTS20_Training_248...
Case BraTS20_Training_244 processed successfully
Starting to process BraTS20_Training_245...
Case BraTS20_Training_248 processed successfully
Starting to process BraTS20_Training_249...
Case BraTS20_Training_243 processed successfully
Starting to process BraTS20_Training_250...
Case BraTS20_Training_246 processed successfully
Starting to process BraTS20_Training_247...
Case BraTS20_Training_249 processed successfully
Starting to process BraTS20_Training_252...
Case BraTS20_Training_245 processed successfully
Starting to process BraTS20_Training_254...
Case BraTS20_Training_250 processed successfully
Starting to process BraTS20_Training_251...
Case BraTS20_Training_247 processed successfully
Starting to process BraTS20_Training_256...
Case BraTS20_Training_252 processed successfully
Starting to process BraTS20_Training_253...
Case BraTS20_Training_254 processed successfully
Starting to process BraTS20_Training_255...
Case BraTS20_Training_256 processed successfully
Case BraTS20_Training_251 processed successfully
Starting to process BraTS20_Training_257...
Case BraTS20_Training_253 processed successfully
Case BraTS20_Training_255 processed successfully
Case BraTS20_Training_257 processed successfully
Batch 8/12 (31/32 valid cases) - Overall: 257/368 (69.8%) processed
Starting to process BraTS20_Training_258...
Starting to process BraTS20_Training_260...
Starting to process BraTS20_Training_262...
Starting to process BraTS20_Training_264...
Case BraTS20_Training_258 processed successfully
Starting to process BraTS20_Training_259...
Case BraTS20_Training_264 processed successfully
Starting to process BraTS20_Training_265...
Case BraTS20_Training_262 processed successfully
Starting to process BraTS20_Training_263...
Case BraTS20_Training_260 processed successfully
Starting to process BraTS20_Training_261...
Case BraTS20_Training_259 processed successfully
Starting to process BraTS20_Training_266...
Case BraTS20_Training_263 processed successfully
Case BraTS20_Training_265 processed successfully
Starting to process BraTS20_Training_268...
Starting to process BraTS20_Training_270...
Case BraTS20_Training_261 processed successfully
Starting to process BraTS20_Training_272...
Case BraTS20_Training_268 skipped: insufficient non-zero labels
Starting to process BraTS20_Training_269...
Case BraTS20_Training_266 processed successfully
Starting to process BraTS20_Training_267...
Case BraTS20_Training_272 processed successfully
Starting to process BraTS20_Training_273...
Case BraTS20_Training_270 processed successfully
Starting to process BraTS20_Training_271...
Case BraTS20_Training_269 processed successfully
Starting to process BraTS20_Training_274...
Case BraTS20_Training_267 processed successfully
Starting to process BraTS20_Training_276...
Case BraTS20_Training_271 processed successfully
Starting to process BraTS20_Training_278...
Case BraTS20_Training_273 processed successfully
Starting to process BraTS20_Training_280...
Case BraTS20_Training_274 processed successfully
Starting to process BraTS20_Training_275...
Case BraTS20_Training_276 processed successfully
Starting to process BraTS20_Training_277...
Case BraTS20_Training_278 processed successfully
Starting to process BraTS20_Training_279...
Case BraTS20_Training_275 processed successfully
Starting to process BraTS20_Training_282...
Case BraTS20_Training_280 processed successfully
Starting to process BraTS20_Training_281...
Case BraTS20_Training_277 skipped: insufficient non-zero labels
Starting to process BraTS20_Training_284...
Case BraTS20_Training_279 processed successfully
Starting to process BraTS20_Training_286...
Case BraTS20_Training_281 processed successfully
Starting to process BraTS20_Training_288...
Case BraTS20_Training_282 processed successfully
Starting to process BraTS20_Training_283...
Case BraTS20_Training_284 processed successfully
Starting to process BraTS20_Training_285...
Case BraTS20_Training_286 processed successfully
Starting to process BraTS20_Training_287...
Case BraTS20_Training_288 processed successfully
Starting to process BraTS20_Training_289...
Case BraTS20_Training_283 processed successfully
Case BraTS20_Training_285 processed successfully
Case BraTS20_Training_287 processed successfully
Case BraTS20_Training_289 processed successfully
Batch 9/12 (30/32 valid cases) - Overall: 289/368 (78.5%) processed
Starting to process BraTS20_Training_290...
Starting to process BraTS20_Training_292...
Starting to process BraTS20_Training_294...
Starting to process BraTS20_Training_296...
Case BraTS20_Training_294 processed successfully
Starting to process BraTS20_Training_295...
Case BraTS20_Training_292 processed successfully
Starting to process BraTS20_Training_293...
Case BraTS20_Training_290 processed successfully
Starting to process BraTS20_Training_291...
Case BraTS20_Training_296 processed successfully
Starting to process BraTS20_Training_297...
Case BraTS20_Training_297 processed successfully
Starting to process BraTS20_Training_298...
Case BraTS20_Training_295 processed successfully
Case BraTS20_Training_293 processed successfully
Case BraTS20_Training_291 processed successfully
Starting to process BraTS20_Training_300...
Starting to process BraTS20_Training_302...
Starting to process BraTS20_Training_304...
Case BraTS20_Training_304 processed successfully
Starting to process BraTS20_Training_305...
Case BraTS20_Training_298 processed successfully
Case BraTS20_Training_302 processed successfully
Starting to process BraTS20_Training_299...
Starting to process BraTS20_Training_303...
Case BraTS20_Training_300 processed successfully
Starting to process BraTS20_Training_301...
Case BraTS20_Training_305 processed successfully
Starting to process BraTS20_Training_306...
Case BraTS20_Training_301 processed successfully
Starting to process BraTS20_Training_308...
Case BraTS20_Training_303 processed successfully
Starting to process BraTS20_Training_310...
Case BraTS20_Training_299 processed successfully
Starting to process BraTS20_Training_312...
Case BraTS20_Training_306 processed successfully
Starting to process BraTS20_Training_307...
Case BraTS20_Training_310 processed successfully
Starting to process BraTS20_Training_311...
Case BraTS20_Training_312 processed successfully
Starting to process BraTS20_Training_313...
Case BraTS20_Training_308 processed successfully
Starting to process BraTS20_Training_309...
Case BraTS20_Training_307 processed successfully
Starting to process BraTS20_Training_314...
Case BraTS20_Training_313 processed successfully
Starting to process BraTS20_Training_316...
Case BraTS20_Training_309 processed successfully
Starting to process BraTS20_Training_318...
Case BraTS20_Training_311 processed successfully
Starting to process BraTS20_Training_320...
Case BraTS20_Training_314 skipped: insufficient non-zero labels
Starting to process BraTS20_Training_315...
Case BraTS20_Training_316 processed successfully
Case BraTS20_Training_318 processed successfully
Starting to process BraTS20_Training_317...
Starting to process BraTS20_Training_319...
Case BraTS20_Training_320 processed successfully
Starting to process BraTS20_Training_321...
Case BraTS20_Training_315 processed successfully
Case BraTS20_Training_317 skipped: insufficient non-zero labels
Case BraTS20_Training_319 processed successfully
Case BraTS20_Training_321 processed successfully
Batch 10/12 (30/32 valid cases) - Overall: 321/368 (87.2%) processed
Starting to process BraTS20_Training_322...
Starting to process BraTS20_Training_324...
Starting to process BraTS20_Training_326...
Starting to process BraTS20_Training_328...
Case BraTS20_Training_324 processed successfully
Starting to process BraTS20_Training_325...
Case BraTS20_Training_328 processed successfully
Starting to process BraTS20_Training_329...
Case BraTS20_Training_326 processed successfully
Starting to process BraTS20_Training_327...
Case BraTS20_Training_322 processed successfully
Starting to process BraTS20_Training_323...
Case BraTS20_Training_325 skipped: insufficient non-zero labels
Starting to process BraTS20_Training_330...
Case BraTS20_Training_329 processed successfully
Starting to process BraTS20_Training_332...
Case BraTS20_Training_323 processed successfully
Starting to process BraTS20_Training_334...
Case BraTS20_Training_327 processed successfully
Starting to process BraTS20_Training_336...
Case BraTS20_Training_330 processed successfully
Starting to process BraTS20_Training_331...
Case BraTS20_Training_332 processed successfully
Starting to process BraTS20_Training_333...
Case BraTS20_Training_334 processed successfully
Starting to process BraTS20_Training_335...
Case BraTS20_Training_331 processed successfully
Starting to process BraTS20_Training_338...
Case BraTS20_Training_336 processed successfully
Starting to process BraTS20_Training_337...
Case BraTS20_Training_335 processed successfully
Starting to process BraTS20_Training_340...
Case BraTS20_Training_333 processed successfully
Starting to process BraTS20_Training_342...
Case BraTS20_Training_338 processed successfully
Starting to process BraTS20_Training_339...
Case BraTS20_Training_337 processed successfully
Starting to process BraTS20_Training_344...
Case BraTS20_Training_340 processed successfully
Starting to process BraTS20_Training_341...
Case BraTS20_Training_342 processed successfully
Starting to process BraTS20_Training_343...
Case BraTS20_Training_344 processed successfully
Starting to process BraTS20_Training_345...
Case BraTS20_Training_339 processed successfully
Starting to process BraTS20_Training_346...
Case BraTS20_Training_341 skipped: insufficient non-zero labels
Starting to process BraTS20_Training_348...
Case BraTS20_Training_343 processed successfully
Starting to process BraTS20_Training_350...
Case BraTS20_Training_345 processed successfully
Starting to process BraTS20_Training_352...
Case BraTS20_Training_346 processed successfully
Starting to process BraTS20_Training_347...
Case BraTS20_Training_348 processed successfully
Starting to process BraTS20_Training_349...
Case BraTS20_Training_352 processed successfully
Starting to process BraTS20_Training_353...
Case BraTS20_Training_350 processed successfully
Starting to process BraTS20_Training_351...
Case BraTS20_Training_347 processed successfully
Case BraTS20_Training_349 processed successfully
Case BraTS20_Training_353 processed successfully
Case BraTS20_Training_351 processed successfully
Batch 11/12 (30/32 valid cases) - Overall: 353/368 (95.9%) processed
Starting to process BraTS20_Training_354...
Starting to process BraTS20_Training_356...
Starting to process BraTS20_Training_357...
Starting to process BraTS20_Training_358...
Case BraTS20_Training_357 processed successfully
Starting to process BraTS20_Training_359...
Case BraTS20_Training_354 processed successfully
Starting to process BraTS20_Training_360...
Case BraTS20_Training_358 processed successfully
Starting to process BraTS20_Training_361...
Case BraTS20_Training_356 processed successfully
Starting to process BraTS20_Training_362...
Case BraTS20_Training_360 processed successfully
Starting to process BraTS20_Training_363...
Case BraTS20_Training_359 processed successfully
Starting to process BraTS20_Training_364...
Case BraTS20_Training_361 processed successfully
Starting to process BraTS20_Training_365...
Case BraTS20_Training_362 processed successfully
Starting to process BraTS20_Training_366...
Case BraTS20_Training_364 processed successfully
Starting to process BraTS20_Training_367...
Case BraTS20_Training_366 processed successfully
Case BraTS20_Training_365 processed successfully
Starting to process BraTS20_Training_368...
Starting to process BraTS20_Training_369...
Case BraTS20_Training_363 processed successfully
Case BraTS20_Training_368 processed successfully
Case BraTS20_Training_367 processed successfully
Case BraTS20_Training_369 processed successfully
Batch 12/12 (15/15 valid cases) - Overall: 368/368 (100.0%) processed
Preprocessing complete. Processed 343 valid cases.
Skipped 25 cases.
Splitting dataset with train ratio: 0.75
