Traceback (most recent call last):
  File "/home/santosh_lab/shared/TimS/pytorch-BraTS2020-unet-segmentation/train.py", line 270, in <module>
    model, trainer = train_model(
                     ~~~~~~~~~~~^
        data_path=DATA_PATH,
        ^^^^^^^^^^^^^^^^^^^^
    ...<4 lines>...
        learning_rate=1e-4
        ^^^^^^^^^^^^^^^^^^
    )
    ^
  File "/home/santosh_lab/shared/TimS/pytorch-BraTS2020-unet-segmentation/train.py", line 249, in train_model
    trainer = pl.Trainer(
        accelerator='gpu' if torch.cuda.is_available() else 'cpu',
    ...<5 lines>...
        val_check_interval=0.5
    )
  File "/home/usd.local/timothy.sereda/miniforge3/envs/pytorch-BraTS2020-unet-segmentation/lib/python3.13/site-packages/pytorch_lightning/utilities/argparse.py", line 70, in insert_env_defaults
    return fn(self, **kwargs)
  File "/home/usd.local/timothy.sereda/miniforge3/envs/pytorch-BraTS2020-unet-segmentation/lib/python3.13/site-packages/pytorch_lightning/trainer/trainer.py", line 396, in __init__
    self._accelerator_connector = _AcceleratorConnector(
                                  ~~~~~~~~~~~~~~~~~~~~~^
        devices=devices,
        ^^^^^^^^^^^^^^^^
    ...<8 lines>...
        plugins=plugins,
        ^^^^^^^^^^^^^^^^
    )
    ^
  File "/home/usd.local/timothy.sereda/miniforge3/envs/pytorch-BraTS2020-unet-segmentation/lib/python3.13/site-packages/pytorch_lightning/trainer/connectors/accelerator_connector.py", line 150, in __init__
    self.cluster_environment: ClusterEnvironment = self._choose_and_init_cluster_environment()
                                                   ~~~~~~~~~~~~~~~~~~~~~~~~~~~~~~~~~~~~~~~~~^^
  File "/home/usd.local/timothy.sereda/miniforge3/envs/pytorch-BraTS2020-unet-segmentation/lib/python3.13/site-packages/pytorch_lightning/trainer/connectors/accelerator_connector.py", line 410, in _choose_and_init_cluster_environment
    return env_type()
  File "/home/usd.local/timothy.sereda/miniforge3/envs/pytorch-BraTS2020-unet-segmentation/lib/python3.13/site-packages/lightning_fabric/plugins/environments/slurm.py", line 54, in __init__
    self._validate_srun_variables()
    ~~~~~~~~~~~~~~~~~~~~~~~~~~~~~^^
  File "/home/usd.local/timothy.sereda/miniforge3/envs/pytorch-BraTS2020-unet-segmentation/lib/python3.13/site-packages/lightning_fabric/plugins/environments/slurm.py", line 221, in _validate_srun_variables
    raise RuntimeError(
    ...<2 lines>...
    )
RuntimeError: You set `--ntasks=4` in your SLURM bash script, but this variable is not supported. HINT: Use `--ntasks-per-node=4` instead.
