starting...
Wed Feb 26 00:47:47 2025       
+---------------------------------------------------------------------------------------+
| NVIDIA-SMI 545.23.08              Driver Version: 545.23.08    CUDA Version: 12.3     |
|-----------------------------------------+----------------------+----------------------+
| GPU  Name                 Persistence-M | Bus-Id        Disp.A | Volatile Uncorr. ECC |
| Fan  Temp   Perf          Pwr:Usage/Cap |         Memory-Usage | GPU-Util  Compute M. |
|                                         |                      |               MIG M. |
|=========================================+======================+======================|
|   0  Tesla P100-PCIE-16GB           Off | 00000000:18:00.0 Off |                    0 |
| N/A   50C    P0              36W / 250W |      0MiB / 16384MiB |      0%      Default |
|                                         |                      |                  N/A |
+-----------------------------------------+----------------------+----------------------+
|   1  Tesla P100-PCIE-16GB           Off | 00000000:AF:00.0 Off |                    0 |
| N/A   30C    P0              29W / 250W |      0MiB / 16384MiB |      1%      Default |
|                                         |                      |                  N/A |
+-----------------------------------------+----------------------+----------------------+
                                                                                         
+---------------------------------------------------------------------------------------+
| Processes:                                                                            |
|  GPU   GI   CI        PID   Type   Process name                            GPU Memory |
|        ID   ID                                                             Usage      |
|=======================================================================================|
|  No running processes found                                                           |
+---------------------------------------------------------------------------------------+
--- PyTorch GPU/CUDA Test Script ---

CUDA is available! PyTorch is using GPU.
Device name: Tesla P100-PCIE-16GB
Device count: 2
Current device: 0
CUDA version: 12.6
cuDNN version: 90501

Using device: cuda

--- Tensor Creation and Device Transfer ---
CPU Tensor:
tensor([[ 0.0061,  0.7037, -0.5821,  2.7148,  0.8150],
        [-0.5547, -0.5397, -0.1415,  0.0516, -0.5681],
        [-0.7153, -0.2684, -0.7966, -0.3318,  0.8963],
        [ 2.0370,  0.8908,  0.9516,  0.6501, -1.3803],
        [-0.6973, -1.7986,  0.3321, -0.9582,  0.5602]])
Tensor on CPU? False

GPU Tensor:
tensor([[ 0.0061,  0.7037, -0.5821,  2.7148,  0.8150],
        [-0.5547, -0.5397, -0.1415,  0.0516, -0.5681],
        [-0.7153, -0.2684, -0.7966, -0.3318,  0.8963],
        [ 2.0370,  0.8908,  0.9516,  0.6501, -1.3803],
        [-0.6973, -1.7986,  0.3321, -0.9582,  0.5602]], device='cuda:0')
Tensor on GPU? True

--- Performance Comparison (GPU vs CPU) ---

GPU Time (1 iterations of 10000x10000 matrix multiplication): 0.0220 seconds
CPU Time (1 iterations of 10000x10000 matrix multiplication): 1.7253 seconds

Speedup (CPU/GPU): 78.58x

Performance improvement suggests GPU is being used effectively!

--- Test Script Completed ---
Using device: cuda
GPU: Tesla P100-PCIE-16GB
CUDA Version: 12.6
Memory allocated: 0.00 GB
Memory cached: 0.00 GB
------------------------------
DATA LOADER CONFIGURATION:
Data directory: data/input_data_128
Batch size: 1
Num workers: 4
Using augmentation: True
Found 257 train samples
Found 86 val samples
Train dataset size: 257
Validation dataset size: 86
Train loader batches: 257
Validation loader batches: 86
------------------------------
Calculating class weights...
Class counts: tensor([99792368.,   844287.,  3175494.,  1045457.])
Class weights: tensor([ 0.2627, 10.0000,  8.2552, 10.0000])
Loading: image_BraTS20_Training_254.npy, mask_BraTS20_Training_254.npy
Loading: image_BraTS20_Training_303.npy, mask_BraTS20_Training_303.npy
Loading: image_BraTS20_Training_003.npy, mask_BraTS20_Training_003.npy
Loading: image_BraTS20_Training_053.npy, mask_BraTS20_Training_053.npy
Loading: image_BraTS20_Training_117.npy, mask_BraTS20_Training_117.npy
Loading: image_BraTS20_Training_190.npy, mask_BraTS20_Training_190.npy
Loading: image_BraTS20_Training_155.npy, mask_BraTS20_Training_155.npy
Loading: image_BraTS20_Training_074.npy, mask_BraTS20_Training_074.npy
Loading: image_BraTS20_Training_181.npy, mask_BraTS20_Training_181.npy
Loading: image_BraTS20_Training_349.npy, mask_BraTS20_Training_349.npy
Loading: image_BraTS20_Training_226.npy, mask_BraTS20_Training_226.npy
Loading: image_BraTS20_Training_069.npy, mask_BraTS20_Training_069.npy
Loading: image_BraTS20_Training_287.npy, mask_BraTS20_Training_287.npy
Loading: image_BraTS20_Training_101.npy, mask_BraTS20_Training_101.npy
Loading: image_BraTS20_Training_363.npy, mask_BraTS20_Training_363.npy
Loading: image_BraTS20_Training_073.npy, mask_BraTS20_Training_073.npy
Loading: image_BraTS20_Training_167.npy, mask_BraTS20_Training_167.npy
Loading: image_BraTS20_Training_210.npy, mask_BraTS20_Training_210.npy
Loading: image_BraTS20_Training_008.npy, mask_BraTS20_Training_008.npy
Loading: image_BraTS20_Training_173.npy, mask_BraTS20_Training_173.npy
Loading: image_BraTS20_Training_149.npy, mask_BraTS20_Training_149.npy
Loading: image_BraTS20_Training_096.npy, mask_BraTS20_Training_096.npy
Loading: image_BraTS20_Training_002.npy, mask_BraTS20_Training_002.npy
Loading: image_BraTS20_Training_188.npy, mask_BraTS20_Training_188.npy
Loading: image_BraTS20_Training_081.npy, mask_BraTS20_Training_081.npy
Loading: image_BraTS20_Training_239.npy, mask_BraTS20_Training_239.npy
Loading: image_BraTS20_Training_170.npy, mask_BraTS20_Training_170.npy
Loading: image_BraTS20_Training_241.npy, mask_BraTS20_Training_241.npy
Loading: image_BraTS20_Training_043.npy, mask_BraTS20_Training_043.npy
Loading: image_BraTS20_Training_282.npy, mask_BraTS20_Training_282.npy
Loading: image_BraTS20_Training_276.npy, mask_BraTS20_Training_276.npy
Loading: image_BraTS20_Training_244.npy, mask_BraTS20_Training_244.npy
Loading: image_BraTS20_Training_038.npy, mask_BraTS20_Training_038.npy
Loading: image_BraTS20_Training_077.npy, mask_BraTS20_Training_077.npy
Loading: image_BraTS20_Training_065.npy, mask_BraTS20_Training_065.npy
Loading: image_BraTS20_Training_294.npy, mask_BraTS20_Training_294.npy
Loading: image_BraTS20_Training_050.npy, mask_BraTS20_Training_050.npy
Loading: image_BraTS20_Training_261.npy, mask_BraTS20_Training_261.npy
Loading: image_BraTS20_Training_019.npy, mask_BraTS20_Training_019.npy
Loading: image_BraTS20_Training_186.npy, mask_BraTS20_Training_186.npy
Loading: image_BraTS20_Training_143.npy, mask_BraTS20_Training_143.npy
Loading: image_BraTS20_Training_293.npy, mask_BraTS20_Training_293.npy
Loading: image_BraTS20_Training_011.npy, mask_BraTS20_Training_011.npy
Loading: image_BraTS20_Training_265.npy, mask_BraTS20_Training_265.npy
Loading: image_BraTS20_Training_205.npy, mask_BraTS20_Training_205.npy
Loading: image_BraTS20_Training_060.npy, mask_BraTS20_Training_060.npy
Loading: image_BraTS20_Training_150.npy, mask_BraTS20_Training_150.npy
Loading: image_BraTS20_Training_253.npy, mask_BraTS20_Training_253.npy
Loading: image_BraTS20_Training_347.npy, mask_BraTS20_Training_347.npy
Loading: image_BraTS20_Training_228.npy, mask_BraTS20_Training_228.npy
Loading: image_BraTS20_Training_227.npy, mask_BraTS20_Training_227.npy
Loading: image_BraTS20_Training_248.npy, mask_BraTS20_Training_248.npy
Loading: image_BraTS20_Training_338.npy, mask_BraTS20_Training_338.npy
Loading: image_BraTS20_Training_266.npy, mask_BraTS20_Training_266.npy
Loading: image_BraTS20_Training_360.npy, mask_BraTS20_Training_360.npy
Loading: image_BraTS20_Training_307.npy, mask_BraTS20_Training_307.npy
Loading: image_BraTS20_Training_138.npy, mask_BraTS20_Training_138.npy
Loading: image_BraTS20_Training_134.npy, mask_BraTS20_Training_134.npy
Loading: image_BraTS20_Training_216.npy, mask_BraTS20_Training_216.npy
Loading: image_BraTS20_Training_072.npy, mask_BraTS20_Training_072.npy
Loading: image_BraTS20_Training_219.npy, mask_BraTS20_Training_219.npy
Loading: image_BraTS20_Training_026.npy, mask_BraTS20_Training_026.npy
Loading: image_BraTS20_Training_067.npy, mask_BraTS20_Training_067.npy
Loading: image_BraTS20_Training_232.npy, mask_BraTS20_Training_232.npy
Loading: image_BraTS20_Training_289.npy, mask_BraTS20_Training_289.npy
Loading: image_BraTS20_Training_231.npy, mask_BraTS20_Training_231.npy
Loading: image_BraTS20_Training_283.npy, mask_BraTS20_Training_283.npy
Loading: image_BraTS20_Training_220.npy, mask_BraTS20_Training_220.npy
Loading: image_BraTS20_Training_262.npy, mask_BraTS20_Training_262.npy
Loading: image_BraTS20_Training_041.npy, mask_BraTS20_Training_041.npy
Loading: image_BraTS20_Training_195.npy, mask_BraTS20_Training_195.npy
Loading: image_BraTS20_Training_295.npy, mask_BraTS20_Training_295.npy
Loading: image_BraTS20_Training_348.npy, mask_BraTS20_Training_348.npy
Loading: image_BraTS20_Training_225.npy, mask_BraTS20_Training_225.npy
Loading: image_BraTS20_Training_058.npy, mask_BraTS20_Training_058.npy
Loading: image_BraTS20_Training_132.npy, mask_BraTS20_Training_132.npy
Loading: image_BraTS20_Training_105.npy, mask_BraTS20_Training_105.npy
Loading: image_BraTS20_Training_033.npy, mask_BraTS20_Training_033.npy
Loading: image_BraTS20_Training_029.npy, mask_BraTS20_Training_029.npy
Loading: image_BraTS20_Training_330.npy, mask_BraTS20_Training_330.npy
Loading: image_BraTS20_Training_062.npy, mask_BraTS20_Training_062.npy
Loading: image_BraTS20_Training_351.npy, mask_BraTS20_Training_351.npy
Loading: image_BraTS20_Training_250.npy, mask_BraTS20_Training_250.npy
Loading: image_BraTS20_Training_222.npy, mask_BraTS20_Training_222.npy
Loading: image_BraTS20_Training_369.npy, mask_BraTS20_Training_369.npy
Loading: image_BraTS20_Training_042.npy, mask_BraTS20_Training_042.npy
Loading: image_BraTS20_Training_145.npy, mask_BraTS20_Training_145.npy
Loading: image_BraTS20_Training_337.npy, mask_BraTS20_Training_337.npy
Loading: image_BraTS20_Training_035.npy, mask_BraTS20_Training_035.npy
Loading: image_BraTS20_Training_336.npy, mask_BraTS20_Training_336.npy
Loading: image_BraTS20_Training_345.npy, mask_BraTS20_Training_345.npy
Loading: image_BraTS20_Training_275.npy, mask_BraTS20_Training_275.npy
Loading: image_BraTS20_Training_292.npy, mask_BraTS20_Training_292.npy
Loading: image_BraTS20_Training_009.npy, mask_BraTS20_Training_009.npy
Loading: image_BraTS20_Training_214.npy, mask_BraTS20_Training_214.npy
Loading: image_BraTS20_Training_027.npy, mask_BraTS20_Training_027.npy
Loading: image_BraTS20_Training_176.npy, mask_BraTS20_Training_176.npy
Loading: image_BraTS20_Training_312.npy, mask_BraTS20_Training_312.npy
Loading: image_BraTS20_Training_165.npy, mask_BraTS20_Training_165.npy
Loading: image_BraTS20_Training_321.npy, mask_BraTS20_Training_321.npy
Loading: image_BraTS20_Training_350.npy, mask_BraTS20_Training_350.npy
Loading: image_BraTS20_Training_284.npy, mask_BraTS20_Training_284.npy
Loading: image_BraTS20_Training_102.npy, mask_BraTS20_Training_102.npy
Loading: image_BraTS20_Training_055.npy, mask_BraTS20_Training_055.npy
Loading: image_BraTS20_Training_331.npy, mask_BraTS20_Training_331.npy
Loading: image_BraTS20_Training_247.npy, mask_BraTS20_Training_247.npy
Loading: image_BraTS20_Training_148.npy, mask_BraTS20_Training_148.npy
Loading: image_BraTS20_Training_272.npy, mask_BraTS20_Training_272.npy
Loading: image_BraTS20_Training_085.npy, mask_BraTS20_Training_085.npy
Loading: image_BraTS20_Training_169.npy, mask_BraTS20_Training_169.npy
Loading: image_BraTS20_Training_290.npy, mask_BraTS20_Training_290.npy
Loading: image_BraTS20_Training_196.npy, mask_BraTS20_Training_196.npy
Loading: image_BraTS20_Training_245.npy, mask_BraTS20_Training_245.npy
Loading: image_BraTS20_Training_237.npy, mask_BraTS20_Training_237.npy
Loading: image_BraTS20_Training_087.npy, mask_BraTS20_Training_087.npy
Loading: image_BraTS20_Training_201.npy, mask_BraTS20_Training_201.npy
Loading: image_BraTS20_Training_264.npy, mask_BraTS20_Training_264.npy
Loading: image_BraTS20_Training_116.npy, mask_BraTS20_Training_116.npy
Loading: image_BraTS20_Training_115.npy, mask_BraTS20_Training_115.npy
Loading: image_BraTS20_Training_047.npy, mask_BraTS20_Training_047.npy
Loading: image_BraTS20_Training_016.npy, mask_BraTS20_Training_016.npy
Loading: image_BraTS20_Training_311.npy, mask_BraTS20_Training_311.npy
Loading: image_BraTS20_Training_066.npy, mask_BraTS20_Training_066.npy
Loading: image_BraTS20_Training_106.npy, mask_BraTS20_Training_106.npy
Loading: image_BraTS20_Training_285.npy, mask_BraTS20_Training_285.npy
Loading: image_BraTS20_Training_271.npy, mask_BraTS20_Training_271.npy
Loading: image_BraTS20_Training_157.npy, mask_BraTS20_Training_157.npy
Loading: image_BraTS20_Training_367.npy, mask_BraTS20_Training_367.npy
Loading: image_BraTS20_Training_010.npy, mask_BraTS20_Training_010.npy
Loading: image_BraTS20_Training_235.npy, mask_BraTS20_Training_235.npy
Loading: image_BraTS20_Training_185.npy, mask_BraTS20_Training_185.npy
Loading: image_BraTS20_Training_109.npy, mask_BraTS20_Training_109.npy
Loading: image_BraTS20_Training_221.npy, mask_BraTS20_Training_221.npy
Loading: image_BraTS20_Training_032.npy, mask_BraTS20_Training_032.npy
Loading: image_BraTS20_Training_297.npy, mask_BraTS20_Training_297.npy
Loading: image_BraTS20_Training_273.npy, mask_BraTS20_Training_273.npy
Loading: image_BraTS20_Training_257.npy, mask_BraTS20_Training_257.npy
Loading: image_BraTS20_Training_092.npy, mask_BraTS20_Training_092.npy
Loading: image_BraTS20_Training_215.npy, mask_BraTS20_Training_215.npy
Loading: image_BraTS20_Training_021.npy, mask_BraTS20_Training_021.npy
Loading: image_BraTS20_Training_013.npy, mask_BraTS20_Training_013.npy
Loading: image_BraTS20_Training_174.npy, mask_BraTS20_Training_174.npy
Loading: image_BraTS20_Training_194.npy, mask_BraTS20_Training_194.npy
Loading: image_BraTS20_Training_366.npy, mask_BraTS20_Training_366.npy
Loading: image_BraTS20_Training_080.npy, mask_BraTS20_Training_080.npy
Loading: image_BraTS20_Training_144.npy, mask_BraTS20_Training_144.npy
Loading: image_BraTS20_Training_172.npy, mask_BraTS20_Training_172.npy
Loading: image_BraTS20_Training_175.npy, mask_BraTS20_Training_175.npy
Loading: image_BraTS20_Training_342.npy, mask_BraTS20_Training_342.npy
Loading: image_BraTS20_Training_243.npy, mask_BraTS20_Training_243.npy
Loading: image_BraTS20_Training_209.npy, mask_BraTS20_Training_209.npy
Loading: image_BraTS20_Training_090.npy, mask_BraTS20_Training_090.npy
Loading: image_BraTS20_Training_288.npy, mask_BraTS20_Training_288.npy
Loading: image_BraTS20_Training_308.npy, mask_BraTS20_Training_308.npy
Loading: image_BraTS20_Training_240.npy, mask_BraTS20_Training_240.npy
Loading: image_BraTS20_Training_274.npy, mask_BraTS20_Training_274.npy
Loading: image_BraTS20_Training_119.npy, mask_BraTS20_Training_119.npy
Loading: image_BraTS20_Training_098.npy, mask_BraTS20_Training_098.npy
Loading: image_BraTS20_Training_339.npy, mask_BraTS20_Training_339.npy
Loading: image_BraTS20_Training_230.npy, mask_BraTS20_Training_230.npy
Loading: image_BraTS20_Training_305.npy, mask_BraTS20_Training_305.npy
Loading: image_BraTS20_Training_218.npy, mask_BraTS20_Training_218.npy
Loading: image_BraTS20_Training_192.npy, mask_BraTS20_Training_192.npy
Loading: image_BraTS20_Training_112.npy, mask_BraTS20_Training_112.npy
Loading: image_BraTS20_Training_076.npy, mask_BraTS20_Training_076.npy
Loading: image_BraTS20_Training_328.npy, mask_BraTS20_Training_328.npy
Loading: image_BraTS20_Training_320.npy, mask_BraTS20_Training_320.npy
Loading: image_BraTS20_Training_161.npy, mask_BraTS20_Training_161.npy
Loading: image_BraTS20_Training_051.npy, mask_BraTS20_Training_051.npy
Loading: image_BraTS20_Training_270.npy, mask_BraTS20_Training_270.npy
Loading: image_BraTS20_Training_299.npy, mask_BraTS20_Training_299.npy
Loading: image_BraTS20_Training_364.npy, mask_BraTS20_Training_364.npy
Loading: image_BraTS20_Training_343.npy, mask_BraTS20_Training_343.npy
Loading: image_BraTS20_Training_159.npy, mask_BraTS20_Training_159.npy
Loading: image_BraTS20_Training_088.npy, mask_BraTS20_Training_088.npy
Loading: image_BraTS20_Training_007.npy, mask_BraTS20_Training_007.npy
Loading: image_BraTS20_Training_163.npy, mask_BraTS20_Training_163.npy
Loading: image_BraTS20_Training_104.npy, mask_BraTS20_Training_104.npy
Loading: image_BraTS20_Training_048.npy, mask_BraTS20_Training_048.npy
Loading: image_BraTS20_Training_136.npy, mask_BraTS20_Training_136.npy
Loading: image_BraTS20_Training_162.npy, mask_BraTS20_Training_162.npy
Loading: image_BraTS20_Training_259.npy, mask_BraTS20_Training_259.npy
Loading: image_BraTS20_Training_171.npy, mask_BraTS20_Training_171.npy
Loading: image_BraTS20_Training_141.npy, mask_BraTS20_Training_141.npy
Loading: image_BraTS20_Training_332.npy, mask_BraTS20_Training_332.npy
Loading: image_BraTS20_Training_368.npy, mask_BraTS20_Training_368.npy
Loading: image_BraTS20_Training_313.npy, mask_BraTS20_Training_313.npy
Loading: image_BraTS20_Training_302.npy, mask_BraTS20_Training_302.npy
Loading: image_BraTS20_Training_020.npy, mask_BraTS20_Training_020.npy
Loading: image_BraTS20_Training_180.npy, mask_BraTS20_Training_180.npy
Loading: image_BraTS20_Training_071.npy, mask_BraTS20_Training_071.npy
Loading: image_BraTS20_Training_129.npy, mask_BraTS20_Training_129.npy
Loading: image_BraTS20_Training_263.npy, mask_BraTS20_Training_263.npy
Loading: image_BraTS20_Training_168.npy, mask_BraTS20_Training_168.npy
Loading: image_BraTS20_Training_306.npy, mask_BraTS20_Training_306.npy
Loading: image_BraTS20_Training_113.npy, mask_BraTS20_Training_113.npy
Loading: image_BraTS20_Training_258.npy, mask_BraTS20_Training_258.npy
Loading: image_BraTS20_Training_315.npy, mask_BraTS20_Training_315.npy
Loading: image_BraTS20_Training_229.npy, mask_BraTS20_Training_229.npy
Loading: image_BraTS20_Training_068.npy, mask_BraTS20_Training_068.npy
Loading: image_BraTS20_Training_107.npy, mask_BraTS20_Training_107.npy
Loading: image_BraTS20_Training_127.npy, mask_BraTS20_Training_127.npy
Loading: image_BraTS20_Training_146.npy, mask_BraTS20_Training_146.npy
Loading: image_BraTS20_Training_356.npy, mask_BraTS20_Training_356.npy
Loading: image_BraTS20_Training_137.npy, mask_BraTS20_Training_137.npy
Loading: image_BraTS20_Training_286.npy, mask_BraTS20_Training_286.npy
Loading: image_BraTS20_Training_022.npy, mask_BraTS20_Training_022.npy
Loading: image_BraTS20_Training_291.npy, mask_BraTS20_Training_291.npy
Loading: image_BraTS20_Training_197.npy, mask_BraTS20_Training_197.npy
Loading: image_BraTS20_Training_359.npy, mask_BraTS20_Training_359.npy
Loading: image_BraTS20_Training_281.npy, mask_BraTS20_Training_281.npy
Loading: image_BraTS20_Training_251.npy, mask_BraTS20_Training_251.npy
Loading: image_BraTS20_Training_012.npy, mask_BraTS20_Training_012.npy
Loading: image_BraTS20_Training_030.npy, mask_BraTS20_Training_030.npy
Loading: image_BraTS20_Training_075.npy, mask_BraTS20_Training_075.npy
Loading: image_BraTS20_Training_246.npy, mask_BraTS20_Training_246.npy
Loading: image_BraTS20_Training_242.npy, mask_BraTS20_Training_242.npy
Loading: image_BraTS20_Training_187.npy, mask_BraTS20_Training_187.npy
Loading: image_BraTS20_Training_160.npy, mask_BraTS20_Training_160.npy
Loading: image_BraTS20_Training_310.npy, mask_BraTS20_Training_310.npy
Loading: image_BraTS20_Training_184.npy, mask_BraTS20_Training_184.npy
Loading: image_BraTS20_Training_199.npy, mask_BraTS20_Training_199.npy
Loading: image_BraTS20_Training_034.npy, mask_BraTS20_Training_034.npy
Loading: image_BraTS20_Training_206.npy, mask_BraTS20_Training_206.npy
Loading: image_BraTS20_Training_208.npy, mask_BraTS20_Training_208.npy
Loading: image_BraTS20_Training_123.npy, mask_BraTS20_Training_123.npy
Loading: image_BraTS20_Training_084.npy, mask_BraTS20_Training_084.npy
Loading: image_BraTS20_Training_323.npy, mask_BraTS20_Training_323.npy
Loading: image_BraTS20_Training_094.npy, mask_BraTS20_Training_094.npy
Loading: image_BraTS20_Training_322.npy, mask_BraTS20_Training_322.npy
Loading: image_BraTS20_Training_103.npy, mask_BraTS20_Training_103.npy
Loading: image_BraTS20_Training_135.npy, mask_BraTS20_Training_135.npy
Loading: image_BraTS20_Training_346.npy, mask_BraTS20_Training_346.npy
Loading: image_BraTS20_Training_100.npy, mask_BraTS20_Training_100.npy
Loading: image_BraTS20_Training_083.npy, mask_BraTS20_Training_083.npy
Loading: image_BraTS20_Training_278.npy, mask_BraTS20_Training_278.npy
Loading: image_BraTS20_Training_279.npy, mask_BraTS20_Training_279.npy
Loading: image_BraTS20_Training_095.npy, mask_BraTS20_Training_095.npy
Loading: image_BraTS20_Training_023.npy, mask_BraTS20_Training_023.npy
Loading: image_BraTS20_Training_267.npy, mask_BraTS20_Training_267.npy
Loading: image_BraTS20_Training_223.npy, mask_BraTS20_Training_223.npy
Loading: image_BraTS20_Training_238.npy, mask_BraTS20_Training_238.npy
Loading: image_BraTS20_Training_213.npy, mask_BraTS20_Training_213.npy
Loading: image_BraTS20_Training_319.npy, mask_BraTS20_Training_319.npy
Loading: image_BraTS20_Training_001.npy, mask_BraTS20_Training_001.npy
Loading: image_BraTS20_Training_260.npy, mask_BraTS20_Training_260.npy
Loading: image_BraTS20_Training_269.npy, mask_BraTS20_Training_269.npy
Loading: image_BraTS20_Training_182.npy, mask_BraTS20_Training_182.npy
Loading: image_BraTS20_Training_046.npy, mask_BraTS20_Training_046.npy
Loading: image_BraTS20_Training_324.npy, mask_BraTS20_Training_324.npy
Loading: image_BraTS20_Training_298.npy, mask_BraTS20_Training_298.npy
Loading: image_BraTS20_Training_179.npy, mask_BraTS20_Training_179.npy
Loading: image_BraTS20_Training_118.npy, mask_BraTS20_Training_118.npy
Loading: image_BraTS20_Training_059.npy, mask_BraTS20_Training_059.npy
Loading: image_BraTS20_Training_006.npy, mask_BraTS20_Training_006.npy
Loading: image_BraTS20_Training_334.npy, mask_BraTS20_Training_334.npy
Loading: image_BraTS20_Training_147.npy, mask_BraTS20_Training_147.npy
Loading: image_BraTS20_Training_014.npy, mask_BraTS20_Training_014.npy
Loading: image_BraTS20_Training_024.npy, mask_BraTS20_Training_024.npy
Loading: image_BraTS20_Training_039.npy, mask_BraTS20_Training_039.npy
Loading: image_BraTS20_Training_052.npy, mask_BraTS20_Training_052.npy
Loading: image_BraTS20_Training_064.npy, mask_BraTS20_Training_064.npy
Loading: image_BraTS20_Training_091.npy, mask_BraTS20_Training_091.npy
Loading: image_BraTS20_Training_114.npy, mask_BraTS20_Training_114.npy
Loading: image_BraTS20_Training_125.npy, mask_BraTS20_Training_125.npy
Loading: image_BraTS20_Training_131.npy, mask_BraTS20_Training_131.npy
Loading: image_BraTS20_Training_152.npy, mask_BraTS20_Training_152.npy
Loading: image_BraTS20_Training_158.npy, mask_BraTS20_Training_158.npy
Loading: image_BraTS20_Training_183.npy, mask_BraTS20_Training_183.npy
Loading: image_BraTS20_Training_198.npy, mask_BraTS20_Training_198.npy
Loading: image_BraTS20_Training_207.npy, mask_BraTS20_Training_207.npy
Loading: image_BraTS20_Training_234.npy, mask_BraTS20_Training_234.npy
Loading: image_BraTS20_Training_255.npy, mask_BraTS20_Training_255.npy
Loading: image_BraTS20_Training_300.npy, mask_BraTS20_Training_300.npy
Loading: image_BraTS20_Training_316.npy, mask_BraTS20_Training_316.npy
Loading: image_BraTS20_Training_329.npy, mask_BraTS20_Training_329.npy
Loading: image_BraTS20_Training_344.npy, mask_BraTS20_Training_344.npy
Loading: image_BraTS20_Training_357.npy, mask_BraTS20_Training_357.npy
Loading: image_BraTS20_Training_365.npy, mask_BraTS20_Training_365.npy
Loading: image_BraTS20_Training_017.npy, mask_BraTS20_Training_017.npy
Loading: image_BraTS20_Training_031.npy, mask_BraTS20_Training_031.npy
Loading: image_BraTS20_Training_045.npy, mask_BraTS20_Training_045.npy
Loading: image_BraTS20_Training_056.npy, mask_BraTS20_Training_056.npy
Loading: image_BraTS20_Training_078.npy, mask_BraTS20_Training_078.npy
Loading: image_BraTS20_Training_097.npy, mask_BraTS20_Training_097.npy
Loading: image_BraTS20_Training_121.npy, mask_BraTS20_Training_121.npy
Loading: image_BraTS20_Training_128.npy, mask_BraTS20_Training_128.npy
Loading: image_BraTS20_Training_140.npy, mask_BraTS20_Training_140.npy
Loading: image_BraTS20_Training_154.npy, mask_BraTS20_Training_154.npy
Loading: image_BraTS20_Training_166.npy, mask_BraTS20_Training_166.npy
Loading: image_BraTS20_Training_191.npy, mask_BraTS20_Training_191.npy
Loading: image_BraTS20_Training_202.npy, mask_BraTS20_Training_202.npy
Loading: image_BraTS20_Training_212.npy, mask_BraTS20_Training_212.npy
Loading: image_BraTS20_Training_249.npy, mask_BraTS20_Training_249.npy
Loading: image_BraTS20_Training_280.npy, mask_BraTS20_Training_280.npy
Loading: image_BraTS20_Training_304.npy, mask_BraTS20_Training_304.npy
Loading: image_BraTS20_Training_326.npy, mask_BraTS20_Training_326.npy
Loading: image_BraTS20_Training_335.npy, mask_BraTS20_Training_335.npy
Loading: image_BraTS20_Training_353.npy, mask_BraTS20_Training_353.npy
Loading: image_BraTS20_Training_361.npy, mask_BraTS20_Training_361.npy
Loading: image_BraTS20_Training_015.npy, mask_BraTS20_Training_015.npy
Loading: image_BraTS20_Training_025.npy, mask_BraTS20_Training_025.npy
Loading: image_BraTS20_Training_040.npy, mask_BraTS20_Training_040.npy
Loading: image_BraTS20_Training_054.npy, mask_BraTS20_Training_054.npy
Loading: image_BraTS20_Training_070.npy, mask_BraTS20_Training_070.npy
Loading: image_BraTS20_Training_093.npy, mask_BraTS20_Training_093.npy
Loading: image_BraTS20_Training_120.npy, mask_BraTS20_Training_120.npy
Loading: image_BraTS20_Training_126.npy, mask_BraTS20_Training_126.npy
Loading: image_BraTS20_Training_133.npy, mask_BraTS20_Training_133.npy
Loading: image_BraTS20_Training_153.npy, mask_BraTS20_Training_153.npy
Loading: image_BraTS20_Training_164.npy, mask_BraTS20_Training_164.npy
Loading: image_BraTS20_Training_189.npy, mask_BraTS20_Training_189.npy
Loading: image_BraTS20_Training_200.npy, mask_BraTS20_Training_200.npy
Loading: image_BraTS20_Training_211.npy, mask_BraTS20_Training_211.npy
Loading: image_BraTS20_Training_236.npy, mask_BraTS20_Training_236.npy
Loading: image_BraTS20_Training_256.npy, mask_BraTS20_Training_256.npy
Loading: image_BraTS20_Training_301.npy, mask_BraTS20_Training_301.npy
Loading: image_BraTS20_Training_318.npy, mask_BraTS20_Training_318.npy
Loading: image_BraTS20_Training_333.npy, mask_BraTS20_Training_333.npy
Loading: image_BraTS20_Training_352.npy, mask_BraTS20_Training_352.npy
Loading: image_BraTS20_Training_358.npy, mask_BraTS20_Training_358.npy
Loading: image_BraTS20_Training_004.npy, mask_BraTS20_Training_004.npy
Loading: image_BraTS20_Training_018.npy, mask_BraTS20_Training_018.npy
Loading: image_BraTS20_Training_037.npy, mask_BraTS20_Training_037.npy
Loading: image_BraTS20_Training_049.npy, mask_BraTS20_Training_049.npy
Loading: image_BraTS20_Training_057.npy, mask_BraTS20_Training_057.npy
Loading: image_BraTS20_Training_089.npy, mask_BraTS20_Training_089.npy
Loading: image_BraTS20_Training_111.npy, mask_BraTS20_Training_111.npy
Loading: image_BraTS20_Training_124.npy, mask_BraTS20_Training_124.npy
Loading: image_BraTS20_Training_130.npy, mask_BraTS20_Training_130.npy
Loading: image_BraTS20_Training_151.npy, mask_BraTS20_Training_151.npy
Loading: image_BraTS20_Training_156.npy, mask_BraTS20_Training_156.npy
Loading: image_BraTS20_Training_178.npy, mask_BraTS20_Training_178.npy
Loading: image_BraTS20_Training_193.npy, mask_BraTS20_Training_193.npy
Loading: image_BraTS20_Training_203.npy, mask_BraTS20_Training_203.npy
Loading: image_BraTS20_Training_224.npy, mask_BraTS20_Training_224.npy
Loading: image_BraTS20_Training_252.npy, mask_BraTS20_Training_252.npy
Loading: image_BraTS20_Training_296.npy, mask_BraTS20_Training_296.npy
Loading: image_BraTS20_Training_309.npy, mask_BraTS20_Training_309.npy
Loading: image_BraTS20_Training_327.npy, mask_BraTS20_Training_327.npy
Loading: image_BraTS20_Training_340.npy, mask_BraTS20_Training_340.npy
Loading: image_BraTS20_Training_354.npy, mask_BraTS20_Training_354.npy
Loading: image_BraTS20_Training_362.npy, mask_BraTS20_Training_362.npy
Epoch 1/100:
  Train Loss: 0.7110
  Val Loss: 0.3569
  Mean IoU: 0.2706
  Class IoUs: [0.84423786 0.01440471 0.21193767 0.0119549 ]
  Learning Rate: 0.000098
Checkpoint saved to output/improved_model/best_model.pth
Loading: image_BraTS20_Training_345.npy, mask_BraTS20_Training_345.npy
Loading: image_BraTS20_Training_273.npy, mask_BraTS20_Training_273.npy
Loading: image_BraTS20_Training_038.npy, mask_BraTS20_Training_038.npy
Loading: image_BraTS20_Training_092.npy, mask_BraTS20_Training_092.npy
Loading: image_BraTS20_Training_279.npy, mask_BraTS20_Training_279.npy
Loading: image_BraTS20_Training_043.npy, mask_BraTS20_Training_043.npy
Loading: image_BraTS20_Training_169.npy, mask_BraTS20_Training_169.npy
Loading: image_BraTS20_Training_163.npy, mask_BraTS20_Training_163.npy
Loading: image_BraTS20_Training_216.npy, mask_BraTS20_Training_216.npy
Loading: image_BraTS20_Training_194.npy, mask_BraTS20_Training_194.npy
Loading: image_BraTS20_Training_311.npy, mask_BraTS20_Training_311.npy
Loading: image_BraTS20_Training_223.npy, mask_BraTS20_Training_223.npy
Loading: image_BraTS20_Training_320.npy, mask_BraTS20_Training_320.npy
Loading: image_BraTS20_Training_001.npy, mask_BraTS20_Training_001.npy
Loading: image_BraTS20_Training_199.npy, mask_BraTS20_Training_199.npy
Loading: image_BraTS20_Training_272.npy, mask_BraTS20_Training_272.npy
Loading: image_BraTS20_Training_294.npy, mask_BraTS20_Training_294.npy
Loading: image_BraTS20_Training_067.npy, mask_BraTS20_Training_067.npy
Loading: image_BraTS20_Training_264.npy, mask_BraTS20_Training_264.npy
Loading: image_BraTS20_Training_119.npy, mask_BraTS20_Training_119.npy
Loading: image_BraTS20_Training_197.npy, mask_BraTS20_Training_197.npy
Loading: image_BraTS20_Training_062.npy, mask_BraTS20_Training_062.npy
Loading: image_BraTS20_Training_331.npy, mask_BraTS20_Training_331.npy
Loading: image_BraTS20_Training_096.npy, mask_BraTS20_Training_096.npy
Loading: image_BraTS20_Training_007.npy, mask_BraTS20_Training_007.npy
Loading: image_BraTS20_Training_053.npy, mask_BraTS20_Training_053.npy
Loading: image_BraTS20_Training_034.npy, mask_BraTS20_Training_034.npy
Loading: image_BraTS20_Training_002.npy, mask_BraTS20_Training_002.npy
Loading: image_BraTS20_Training_080.npy, mask_BraTS20_Training_080.npy
Loading: image_BraTS20_Training_081.npy, mask_BraTS20_Training_081.npy
Loading: image_BraTS20_Training_077.npy, mask_BraTS20_Training_077.npy
Loading: image_BraTS20_Training_138.npy, mask_BraTS20_Training_138.npy
Loading: image_BraTS20_Training_238.npy, mask_BraTS20_Training_238.npy
Loading: image_BraTS20_Training_342.npy, mask_BraTS20_Training_342.npy
Loading: image_BraTS20_Training_247.npy, mask_BraTS20_Training_247.npy
Loading: image_BraTS20_Training_019.npy, mask_BraTS20_Training_019.npy
Loading: image_BraTS20_Training_287.npy, mask_BraTS20_Training_287.npy
Loading: image_BraTS20_Training_323.npy, mask_BraTS20_Training_323.npy
Loading: image_BraTS20_Training_107.npy, mask_BraTS20_Training_107.npy
Loading: image_BraTS20_Training_129.npy, mask_BraTS20_Training_129.npy
Loading: image_BraTS20_Training_179.npy, mask_BraTS20_Training_179.npy
Loading: image_BraTS20_Training_334.npy, mask_BraTS20_Training_334.npy
Loading: image_BraTS20_Training_270.npy, mask_BraTS20_Training_270.npy
Loading: image_BraTS20_Training_312.npy, mask_BraTS20_Training_312.npy
Loading: image_BraTS20_Training_185.npy, mask_BraTS20_Training_185.npy
Loading: image_BraTS20_Training_196.npy, mask_BraTS20_Training_196.npy
Loading: image_BraTS20_Training_176.npy, mask_BraTS20_Training_176.npy
Loading: image_BraTS20_Training_205.npy, mask_BraTS20_Training_205.npy
Loading: image_BraTS20_Training_338.npy, mask_BraTS20_Training_338.npy
Loading: image_BraTS20_Training_330.npy, mask_BraTS20_Training_330.npy
Loading: image_BraTS20_Training_244.npy, mask_BraTS20_Training_244.npy
Loading: image_BraTS20_Training_306.npy, mask_BraTS20_Training_306.npy
Loading: image_BraTS20_Training_041.npy, mask_BraTS20_Training_041.npy
Loading: image_BraTS20_Training_026.npy, mask_BraTS20_Training_026.npy
Loading: image_BraTS20_Training_160.npy, mask_BraTS20_Training_160.npy
Loading: image_BraTS20_Training_328.npy, mask_BraTS20_Training_328.npy
Loading: image_BraTS20_Training_298.npy, mask_BraTS20_Training_298.npy
Loading: image_BraTS20_Training_283.npy, mask_BraTS20_Training_283.npy
Loading: image_BraTS20_Training_242.npy, mask_BraTS20_Training_242.npy
Loading: image_BraTS20_Training_246.npy, mask_BraTS20_Training_246.npy
Loading: image_BraTS20_Training_284.npy, mask_BraTS20_Training_284.npy
Loading: image_BraTS20_Training_269.npy, mask_BraTS20_Training_269.npy
Loading: image_BraTS20_Training_175.npy, mask_BraTS20_Training_175.npy
Loading: image_BraTS20_Training_157.npy, mask_BraTS20_Training_157.npy
Loading: image_BraTS20_Training_250.npy, mask_BraTS20_Training_250.npy
Loading: image_BraTS20_Training_267.npy, mask_BraTS20_Training_267.npy
Loading: image_BraTS20_Training_104.npy, mask_BraTS20_Training_104.npy
Loading: image_BraTS20_Training_095.npy, mask_BraTS20_Training_095.npy
Loading: image_BraTS20_Training_218.npy, mask_BraTS20_Training_218.npy
Loading: image_BraTS20_Training_190.npy, mask_BraTS20_Training_190.npy
Loading: image_BraTS20_Training_337.npy, mask_BraTS20_Training_337.npy
Loading: image_BraTS20_Training_085.npy, mask_BraTS20_Training_085.npy
Loading: image_BraTS20_Training_336.npy, mask_BraTS20_Training_336.npy
Loading: image_BraTS20_Training_265.npy, mask_BraTS20_Training_265.npy
Loading: image_BraTS20_Training_033.npy, mask_BraTS20_Training_033.npy
Loading: image_BraTS20_Training_214.npy, mask_BraTS20_Training_214.npy
Loading: image_BraTS20_Training_213.npy, mask_BraTS20_Training_213.npy
Loading: image_BraTS20_Training_339.npy, mask_BraTS20_Training_339.npy
Loading: image_BraTS20_Training_146.npy, mask_BraTS20_Training_146.npy
Loading: image_BraTS20_Training_310.npy, mask_BraTS20_Training_310.npy
Loading: image_BraTS20_Training_208.npy, mask_BraTS20_Training_208.npy
Loading: image_BraTS20_Training_262.npy, mask_BraTS20_Training_262.npy
Loading: image_BraTS20_Training_313.npy, mask_BraTS20_Training_313.npy
Loading: image_BraTS20_Training_008.npy, mask_BraTS20_Training_008.npy
Loading: image_BraTS20_Training_228.npy, mask_BraTS20_Training_228.npy
Loading: image_BraTS20_Training_109.npy, mask_BraTS20_Training_109.npy
Loading: image_BraTS20_Training_206.npy, mask_BraTS20_Training_206.npy
Loading: image_BraTS20_Training_073.npy, mask_BraTS20_Training_073.npy
Loading: image_BraTS20_Training_072.npy, mask_BraTS20_Training_072.npy
Loading: image_BraTS20_Training_145.npy, mask_BraTS20_Training_145.npy
Loading: image_BraTS20_Training_135.npy, mask_BraTS20_Training_135.npy
Loading: image_BraTS20_Training_364.npy, mask_BraTS20_Training_364.npy
Loading: image_BraTS20_Training_106.npy, mask_BraTS20_Training_106.npy
Loading: image_BraTS20_Training_147.npy, mask_BraTS20_Training_147.npy
Loading: image_BraTS20_Training_369.npy, mask_BraTS20_Training_369.npy
Loading: image_BraTS20_Training_289.npy, mask_BraTS20_Training_289.npy
Loading: image_BraTS20_Training_297.npy, mask_BraTS20_Training_297.npy
Loading: image_BraTS20_Training_102.npy, mask_BraTS20_Training_102.npy
Loading: image_BraTS20_Training_022.npy, mask_BraTS20_Training_022.npy
Loading: image_BraTS20_Training_069.npy, mask_BraTS20_Training_069.npy
Loading: image_BraTS20_Training_215.npy, mask_BraTS20_Training_215.npy
Loading: image_BraTS20_Training_186.npy, mask_BraTS20_Training_186.npy
Loading: image_BraTS20_Training_011.npy, mask_BraTS20_Training_011.npy
Loading: image_BraTS20_Training_112.npy, mask_BraTS20_Training_112.npy
Loading: image_BraTS20_Training_021.npy, mask_BraTS20_Training_021.npy
Loading: image_BraTS20_Training_137.npy, mask_BraTS20_Training_137.npy
Loading: image_BraTS20_Training_240.npy, mask_BraTS20_Training_240.npy
Loading: image_BraTS20_Training_187.npy, mask_BraTS20_Training_187.npy
Loading: image_BraTS20_Training_295.npy, mask_BraTS20_Training_295.npy
Loading: image_BraTS20_Training_346.npy, mask_BraTS20_Training_346.npy
Loading: image_BraTS20_Training_165.npy, mask_BraTS20_Training_165.npy
Loading: image_BraTS20_Training_013.npy, mask_BraTS20_Training_013.npy
Loading: image_BraTS20_Training_332.npy, mask_BraTS20_Training_332.npy
Loading: image_BraTS20_Training_032.npy, mask_BraTS20_Training_032.npy
Loading: image_BraTS20_Training_359.npy, mask_BraTS20_Training_359.npy
Loading: image_BraTS20_Training_087.npy, mask_BraTS20_Training_087.npy
Loading: image_BraTS20_Training_315.npy, mask_BraTS20_Training_315.npy
Loading: image_BraTS20_Training_144.npy, mask_BraTS20_Training_144.npy
Loading: image_BraTS20_Training_020.npy, mask_BraTS20_Training_020.npy
Loading: image_BraTS20_Training_259.npy, mask_BraTS20_Training_259.npy
Loading: image_BraTS20_Training_237.npy, mask_BraTS20_Training_237.npy
Loading: image_BraTS20_Training_184.npy, mask_BraTS20_Training_184.npy
Loading: image_BraTS20_Training_348.npy, mask_BraTS20_Training_348.npy
Loading: image_BraTS20_Training_248.npy, mask_BraTS20_Training_248.npy
Loading: image_BraTS20_Training_230.npy, mask_BraTS20_Training_230.npy
Loading: image_BraTS20_Training_288.npy, mask_BraTS20_Training_288.npy
Loading: image_BraTS20_Training_048.npy, mask_BraTS20_Training_048.npy
Loading: image_BraTS20_Training_209.npy, mask_BraTS20_Training_209.npy
Loading: image_BraTS20_Training_023.npy, mask_BraTS20_Training_023.npy
Loading: image_BraTS20_Training_232.npy, mask_BraTS20_Training_232.npy
Loading: image_BraTS20_Training_229.npy, mask_BraTS20_Training_229.npy
Loading: image_BraTS20_Training_174.npy, mask_BraTS20_Training_174.npy
Loading: image_BraTS20_Training_068.npy, mask_BraTS20_Training_068.npy
Loading: image_BraTS20_Training_127.npy, mask_BraTS20_Training_127.npy
Loading: image_BraTS20_Training_368.npy, mask_BraTS20_Training_368.npy
Loading: image_BraTS20_Training_251.npy, mask_BraTS20_Training_251.npy
Loading: image_BraTS20_Training_299.npy, mask_BraTS20_Training_299.npy
Loading: image_BraTS20_Training_188.npy, mask_BraTS20_Training_188.npy
Loading: image_BraTS20_Training_253.npy, mask_BraTS20_Training_253.npy
Loading: image_BraTS20_Training_115.npy, mask_BraTS20_Training_115.npy
Loading: image_BraTS20_Training_075.npy, mask_BraTS20_Training_075.npy
Loading: image_BraTS20_Training_141.npy, mask_BraTS20_Training_141.npy
Loading: image_BraTS20_Training_195.npy, mask_BraTS20_Training_195.npy
Loading: image_BraTS20_Training_003.npy, mask_BraTS20_Training_003.npy
Loading: image_BraTS20_Training_042.npy, mask_BraTS20_Training_042.npy
Loading: image_BraTS20_Training_220.npy, mask_BraTS20_Training_220.npy
Loading: image_BraTS20_Training_307.npy, mask_BraTS20_Training_307.npy
Loading: image_BraTS20_Training_098.npy, mask_BraTS20_Training_098.npy
Loading: image_BraTS20_Training_201.npy, mask_BraTS20_Training_201.npy
Loading: image_BraTS20_Training_266.npy, mask_BraTS20_Training_266.npy
Loading: image_BraTS20_Training_173.npy, mask_BraTS20_Training_173.npy
Loading: image_BraTS20_Training_058.npy, mask_BraTS20_Training_058.npy
Loading: image_BraTS20_Training_150.npy, mask_BraTS20_Training_150.npy
Loading: image_BraTS20_Training_349.npy, mask_BraTS20_Training_349.npy
Loading: image_BraTS20_Training_182.npy, mask_BraTS20_Training_182.npy
Loading: image_BraTS20_Training_276.npy, mask_BraTS20_Training_276.npy
Loading: image_BraTS20_Training_192.npy, mask_BraTS20_Training_192.npy
Loading: image_BraTS20_Training_285.npy, mask_BraTS20_Training_285.npy
Loading: image_BraTS20_Training_222.npy, mask_BraTS20_Training_222.npy
Loading: image_BraTS20_Training_071.npy, mask_BraTS20_Training_071.npy
Loading: image_BraTS20_Training_366.npy, mask_BraTS20_Training_366.npy
Loading: image_BraTS20_Training_030.npy, mask_BraTS20_Training_030.npy
Loading: image_BraTS20_Training_225.npy, mask_BraTS20_Training_225.npy
Loading: image_BraTS20_Training_227.npy, mask_BraTS20_Training_227.npy
Loading: image_BraTS20_Training_324.npy, mask_BraTS20_Training_324.npy
Loading: image_BraTS20_Training_094.npy, mask_BraTS20_Training_094.npy
Loading: image_BraTS20_Training_363.npy, mask_BraTS20_Training_363.npy
Loading: image_BraTS20_Training_116.npy, mask_BraTS20_Training_116.npy
Loading: image_BraTS20_Training_226.npy, mask_BraTS20_Training_226.npy
Loading: image_BraTS20_Training_012.npy, mask_BraTS20_Training_012.npy
Loading: image_BraTS20_Training_275.npy, mask_BraTS20_Training_275.npy
Loading: image_BraTS20_Training_360.npy, mask_BraTS20_Training_360.npy
Loading: image_BraTS20_Training_319.npy, mask_BraTS20_Training_319.npy
Loading: image_BraTS20_Training_291.npy, mask_BraTS20_Training_291.npy
Loading: image_BraTS20_Training_305.npy, mask_BraTS20_Training_305.npy
Loading: image_BraTS20_Training_356.npy, mask_BraTS20_Training_356.npy
Loading: image_BraTS20_Training_303.npy, mask_BraTS20_Training_303.npy
Loading: image_BraTS20_Training_321.npy, mask_BraTS20_Training_321.npy
Loading: image_BraTS20_Training_167.npy, mask_BraTS20_Training_167.npy
Loading: image_BraTS20_Training_219.npy, mask_BraTS20_Training_219.npy
Loading: image_BraTS20_Training_254.npy, mask_BraTS20_Training_254.npy
Loading: image_BraTS20_Training_050.npy, mask_BraTS20_Training_050.npy
Loading: image_BraTS20_Training_083.npy, mask_BraTS20_Training_083.npy
Loading: image_BraTS20_Training_290.npy, mask_BraTS20_Training_290.npy
Loading: image_BraTS20_Training_084.npy, mask_BraTS20_Training_084.npy
Loading: image_BraTS20_Training_245.npy, mask_BraTS20_Training_245.npy
Loading: image_BraTS20_Training_261.npy, mask_BraTS20_Training_261.npy
Loading: image_BraTS20_Training_076.npy, mask_BraTS20_Training_076.npy
Loading: image_BraTS20_Training_148.npy, mask_BraTS20_Training_148.npy
Loading: image_BraTS20_Training_100.npy, mask_BraTS20_Training_100.npy
Loading: image_BraTS20_Training_161.npy, mask_BraTS20_Training_161.npy
Loading: image_BraTS20_Training_105.npy, mask_BraTS20_Training_105.npy
Loading: image_BraTS20_Training_016.npy, mask_BraTS20_Training_016.npy
Loading: image_BraTS20_Training_136.npy, mask_BraTS20_Training_136.npy
Loading: image_BraTS20_Training_029.npy, mask_BraTS20_Training_029.npy
Loading: image_BraTS20_Training_009.npy, mask_BraTS20_Training_009.npy
Loading: image_BraTS20_Training_035.npy, mask_BraTS20_Training_035.npy
Loading: image_BraTS20_Training_134.npy, mask_BraTS20_Training_134.npy
Loading: image_BraTS20_Training_263.npy, mask_BraTS20_Training_263.npy
Loading: image_BraTS20_Training_027.npy, mask_BraTS20_Training_027.npy
Loading: image_BraTS20_Training_159.npy, mask_BraTS20_Training_159.npy
Loading: image_BraTS20_Training_322.npy, mask_BraTS20_Training_322.npy
Loading: image_BraTS20_Training_271.npy, mask_BraTS20_Training_271.npy
Loading: image_BraTS20_Training_171.npy, mask_BraTS20_Training_171.npy
Loading: image_BraTS20_Training_282.npy, mask_BraTS20_Training_282.npy
Loading: image_BraTS20_Training_065.npy, mask_BraTS20_Training_065.npy
Loading: image_BraTS20_Training_132.npy, mask_BraTS20_Training_132.npy
Loading: image_BraTS20_Training_047.npy, mask_BraTS20_Training_047.npy
Loading: image_BraTS20_Training_274.npy, mask_BraTS20_Training_274.npy
Loading: image_BraTS20_Training_113.npy, mask_BraTS20_Training_113.npy
Loading: image_BraTS20_Training_123.npy, mask_BraTS20_Training_123.npy
Loading: image_BraTS20_Training_221.npy, mask_BraTS20_Training_221.npy
Loading: image_BraTS20_Training_260.npy, mask_BraTS20_Training_260.npy
Loading: image_BraTS20_Training_090.npy, mask_BraTS20_Training_090.npy
Loading: image_BraTS20_Training_172.npy, mask_BraTS20_Training_172.npy
Loading: image_BraTS20_Training_210.npy, mask_BraTS20_Training_210.npy
Loading: image_BraTS20_Training_181.npy, mask_BraTS20_Training_181.npy
Loading: image_BraTS20_Training_046.npy, mask_BraTS20_Training_046.npy
Loading: image_BraTS20_Training_308.npy, mask_BraTS20_Training_308.npy
Loading: image_BraTS20_Training_059.npy, mask_BraTS20_Training_059.npy
Loading: image_BraTS20_Training_239.npy, mask_BraTS20_Training_239.npy
Loading: image_BraTS20_Training_278.npy, mask_BraTS20_Training_278.npy
Loading: image_BraTS20_Training_060.npy, mask_BraTS20_Training_060.npy
Loading: image_BraTS20_Training_292.npy, mask_BraTS20_Training_292.npy
Loading: image_BraTS20_Training_162.npy, mask_BraTS20_Training_162.npy
Loading: image_BraTS20_Training_231.npy, mask_BraTS20_Training_231.npy
Loading: image_BraTS20_Training_243.npy, mask_BraTS20_Training_243.npy
Loading: image_BraTS20_Training_103.npy, mask_BraTS20_Training_103.npy
Loading: image_BraTS20_Training_066.npy, mask_BraTS20_Training_066.npy
Loading: image_BraTS20_Training_258.npy, mask_BraTS20_Training_258.npy
Loading: image_BraTS20_Training_168.npy, mask_BraTS20_Training_168.npy
Loading: image_BraTS20_Training_351.npy, mask_BraTS20_Training_351.npy
Loading: image_BraTS20_Training_302.npy, mask_BraTS20_Training_302.npy
Loading: image_BraTS20_Training_101.npy, mask_BraTS20_Training_101.npy
Loading: image_BraTS20_Training_257.npy, mask_BraTS20_Training_257.npy
Loading: image_BraTS20_Training_118.npy, mask_BraTS20_Training_118.npy
Loading: image_BraTS20_Training_155.npy, mask_BraTS20_Training_155.npy
Loading: image_BraTS20_Training_170.npy, mask_BraTS20_Training_170.npy
Loading: image_BraTS20_Training_350.npy, mask_BraTS20_Training_350.npy
Loading: image_BraTS20_Training_143.npy, mask_BraTS20_Training_143.npy
Loading: image_BraTS20_Training_055.npy, mask_BraTS20_Training_055.npy
Loading: image_BraTS20_Training_347.npy, mask_BraTS20_Training_347.npy
Loading: image_BraTS20_Training_235.npy, mask_BraTS20_Training_235.npy
Loading: image_BraTS20_Training_088.npy, mask_BraTS20_Training_088.npy
Loading: image_BraTS20_Training_286.npy, mask_BraTS20_Training_286.npy
Loading: image_BraTS20_Training_293.npy, mask_BraTS20_Training_293.npy
Loading: image_BraTS20_Training_117.npy, mask_BraTS20_Training_117.npy
Loading: image_BraTS20_Training_281.npy, mask_BraTS20_Training_281.npy
Loading: image_BraTS20_Training_241.npy, mask_BraTS20_Training_241.npy
Loading: image_BraTS20_Training_074.npy, mask_BraTS20_Training_074.npy
Loading: image_BraTS20_Training_051.npy, mask_BraTS20_Training_051.npy
Loading: image_BraTS20_Training_343.npy, mask_BraTS20_Training_343.npy
Loading: image_BraTS20_Training_010.npy, mask_BraTS20_Training_010.npy
Loading: image_BraTS20_Training_149.npy, mask_BraTS20_Training_149.npy
Loading: image_BraTS20_Training_367.npy, mask_BraTS20_Training_367.npy
Loading: image_BraTS20_Training_180.npy, mask_BraTS20_Training_180.npy
Loading: image_BraTS20_Training_006.npy, mask_BraTS20_Training_006.npy
Loading: image_BraTS20_Training_014.npy, mask_BraTS20_Training_014.npy
Loading: image_BraTS20_Training_024.npy, mask_BraTS20_Training_024.npy
Loading: image_BraTS20_Training_039.npy, mask_BraTS20_Training_039.npy
Loading: image_BraTS20_Training_052.npy, mask_BraTS20_Training_052.npy
Loading: image_BraTS20_Training_064.npy, mask_BraTS20_Training_064.npy
Loading: image_BraTS20_Training_091.npy, mask_BraTS20_Training_091.npy
Loading: image_BraTS20_Training_114.npy, mask_BraTS20_Training_114.npy
Loading: image_BraTS20_Training_125.npy, mask_BraTS20_Training_125.npy
Loading: image_BraTS20_Training_131.npy, mask_BraTS20_Training_131.npy
Loading: image_BraTS20_Training_152.npy, mask_BraTS20_Training_152.npy
Loading: image_BraTS20_Training_158.npy, mask_BraTS20_Training_158.npy
Loading: image_BraTS20_Training_183.npy, mask_BraTS20_Training_183.npy
Loading: image_BraTS20_Training_198.npy, mask_BraTS20_Training_198.npy
Loading: image_BraTS20_Training_207.npy, mask_BraTS20_Training_207.npy
Loading: image_BraTS20_Training_234.npy, mask_BraTS20_Training_234.npy
Loading: image_BraTS20_Training_255.npy, mask_BraTS20_Training_255.npy
Loading: image_BraTS20_Training_300.npy, mask_BraTS20_Training_300.npy
Loading: image_BraTS20_Training_316.npy, mask_BraTS20_Training_316.npy
Loading: image_BraTS20_Training_329.npy, mask_BraTS20_Training_329.npy
Loading: image_BraTS20_Training_344.npy, mask_BraTS20_Training_344.npy
Loading: image_BraTS20_Training_357.npy, mask_BraTS20_Training_357.npy
Loading: image_BraTS20_Training_365.npy, mask_BraTS20_Training_365.npy
Loading: image_BraTS20_Training_017.npy, mask_BraTS20_Training_017.npy
Loading: image_BraTS20_Training_031.npy, mask_BraTS20_Training_031.npy
Loading: image_BraTS20_Training_045.npy, mask_BraTS20_Training_045.npy
Loading: image_BraTS20_Training_056.npy, mask_BraTS20_Training_056.npy
Loading: image_BraTS20_Training_078.npy, mask_BraTS20_Training_078.npy
Loading: image_BraTS20_Training_097.npy, mask_BraTS20_Training_097.npy
Loading: image_BraTS20_Training_121.npy, mask_BraTS20_Training_121.npy
Loading: image_BraTS20_Training_128.npy, mask_BraTS20_Training_128.npy
Loading: image_BraTS20_Training_140.npy, mask_BraTS20_Training_140.npy
Loading: image_BraTS20_Training_154.npy, mask_BraTS20_Training_154.npy
Loading: image_BraTS20_Training_166.npy, mask_BraTS20_Training_166.npy
Loading: image_BraTS20_Training_191.npy, mask_BraTS20_Training_191.npy
Loading: image_BraTS20_Training_202.npy, mask_BraTS20_Training_202.npy
Loading: image_BraTS20_Training_212.npy, mask_BraTS20_Training_212.npy
Loading: image_BraTS20_Training_249.npy, mask_BraTS20_Training_249.npy
Loading: image_BraTS20_Training_280.npy, mask_BraTS20_Training_280.npy
Loading: image_BraTS20_Training_304.npy, mask_BraTS20_Training_304.npy
Loading: image_BraTS20_Training_326.npy, mask_BraTS20_Training_326.npy
Loading: image_BraTS20_Training_335.npy, mask_BraTS20_Training_335.npy
Loading: image_BraTS20_Training_353.npy, mask_BraTS20_Training_353.npy
Loading: image_BraTS20_Training_361.npy, mask_BraTS20_Training_361.npy
Loading: image_BraTS20_Training_004.npy, mask_BraTS20_Training_004.npy
Loading: image_BraTS20_Training_018.npy, mask_BraTS20_Training_018.npy
Loading: image_BraTS20_Training_037.npy, mask_BraTS20_Training_037.npy
Loading: image_BraTS20_Training_049.npy, mask_BraTS20_Training_049.npy
Loading: image_BraTS20_Training_057.npy, mask_BraTS20_Training_057.npy
Loading: image_BraTS20_Training_089.npy, mask_BraTS20_Training_089.npy
Loading: image_BraTS20_Training_111.npy, mask_BraTS20_Training_111.npy
Loading: image_BraTS20_Training_124.npy, mask_BraTS20_Training_124.npy
Loading: image_BraTS20_Training_130.npy, mask_BraTS20_Training_130.npy
Loading: image_BraTS20_Training_151.npy, mask_BraTS20_Training_151.npy
Loading: image_BraTS20_Training_156.npy, mask_BraTS20_Training_156.npy
Loading: image_BraTS20_Training_178.npy, mask_BraTS20_Training_178.npy
Loading: image_BraTS20_Training_193.npy, mask_BraTS20_Training_193.npy
Loading: image_BraTS20_Training_203.npy, mask_BraTS20_Training_203.npy
Loading: image_BraTS20_Training_224.npy, mask_BraTS20_Training_224.npy
Loading: image_BraTS20_Training_252.npy, mask_BraTS20_Training_252.npy
Loading: image_BraTS20_Training_296.npy, mask_BraTS20_Training_296.npy
Loading: image_BraTS20_Training_309.npy, mask_BraTS20_Training_309.npy
Loading: image_BraTS20_Training_327.npy, mask_BraTS20_Training_327.npy
Loading: image_BraTS20_Training_340.npy, mask_BraTS20_Training_340.npy
Loading: image_BraTS20_Training_354.npy, mask_BraTS20_Training_354.npy
Loading: image_BraTS20_Training_362.npy, mask_BraTS20_Training_362.npy
Loading: image_BraTS20_Training_015.npy, mask_BraTS20_Training_015.npy
Loading: image_BraTS20_Training_025.npy, mask_BraTS20_Training_025.npy
Loading: image_BraTS20_Training_040.npy, mask_BraTS20_Training_040.npy
Loading: image_BraTS20_Training_054.npy, mask_BraTS20_Training_054.npy
Loading: image_BraTS20_Training_070.npy, mask_BraTS20_Training_070.npy
Loading: image_BraTS20_Training_093.npy, mask_BraTS20_Training_093.npy
Loading: image_BraTS20_Training_120.npy, mask_BraTS20_Training_120.npy
Loading: image_BraTS20_Training_126.npy, mask_BraTS20_Training_126.npy
Loading: image_BraTS20_Training_133.npy, mask_BraTS20_Training_133.npy
Loading: image_BraTS20_Training_153.npy, mask_BraTS20_Training_153.npy
Loading: image_BraTS20_Training_164.npy, mask_BraTS20_Training_164.npy
Loading: image_BraTS20_Training_189.npy, mask_BraTS20_Training_189.npy
Loading: image_BraTS20_Training_200.npy, mask_BraTS20_Training_200.npy
Loading: image_BraTS20_Training_211.npy, mask_BraTS20_Training_211.npy
Loading: image_BraTS20_Training_236.npy, mask_BraTS20_Training_236.npy
Loading: image_BraTS20_Training_256.npy, mask_BraTS20_Training_256.npy
Loading: image_BraTS20_Training_301.npy, mask_BraTS20_Training_301.npy
Loading: image_BraTS20_Training_318.npy, mask_BraTS20_Training_318.npy
Loading: image_BraTS20_Training_333.npy, mask_BraTS20_Training_333.npy
Loading: image_BraTS20_Training_352.npy, mask_BraTS20_Training_352.npy
Loading: image_BraTS20_Training_358.npy, mask_BraTS20_Training_358.npy
Epoch 2/100:
  Train Loss: 0.4725
  Val Loss: 0.2257
  Mean IoU: 0.3141
  Class IoUs: [0.9365323  0.07065871 0.21927652 0.02999701]
  Learning Rate: 0.000091
Checkpoint saved to output/improved_model/best_model.pth
