GPU available: True (cuda), used: True
TPU available: False, using: 0 TPU cores
HPU available: False, using: 0 HPUs
/home/usd.local/timothy.sereda/miniforge3/envs/pytorch-BraTS2020-unet-segmentation/lib/python3.13/site-packages/pytorch_lightning/callbacks/model_checkpoint.py:654: Checkpoint directory /home/santosh_lab/shared/TimS/pytorch-BraTS2020-unet-segmentation/output/checkpoints exists and is not empty.
LOCAL_RANK: 0 - CUDA_VISIBLE_DEVICES: [0,1]
/home/usd.local/timothy.sereda/miniforge3/envs/pytorch-BraTS2020-unet-segmentation/lib/python3.13/site-packages/torch/optim/lr_scheduler.py:62: UserWarning: The verbose parameter is deprecated. Please use get_last_lr() to access the learning rate.
  warnings.warn(

  | Name       | Type      | Params | Mode 
-------------------------------------------------
0 | model      | UNet3D    | 5.6 M  | train
1 | dice_loss  | DiceLoss  | 0      | train
2 | focal_loss | FocalLoss | 0      | train
-------------------------------------------------
5.6 M     Trainable params
0         Non-trainable params
5.6 M     Total params
22.583    Total estimated model params size (MB)
87        Modules in train mode
0         Modules in eval mode
SLURM auto-requeueing enabled. Setting signal handlers.
